2013-07-19 16:33:09.071 WaterfallCollectionViewLayoutDemo[11207:c07] InterItemSpacing: 22
2013-07-19 16:33:09.074 WaterfallCollectionViewLayoutDemo[11207:c07] Item Count 7
2013-07-19 16:33:09.075 WaterfallCollectionViewLayoutDemo[11207:c07] SetupSectionInsets: 0
2013-07-19 16:33:09.075 WaterfallCollectionViewLayoutDemo[11207:c07] SetupSectionInsets: 1
2013-07-19 16:33:09.077 WaterfallCollectionViewLayoutDemo[11207:c07] HeightForItem 84
2013-07-19 16:33:09.079 WaterfallCollectionViewLayoutDemo[11207:c07] Shortest Index: 0
2013-07-19 16:33:09.081 WaterfallCollectionViewLayoutDemo[11207:c07] Added attribute in PlaceItem: {X=9,Y=9,Width=140,Height=84}
2013-07-19 16:33:09.082 WaterfallCollectionViewLayoutDemo[11207:c07] HeightForItem 200
2013-07-19 16:33:09.082 WaterfallCollectionViewLayoutDemo[11207:c07] Shortest Index: 1
2013-07-19 16:33:09.083 WaterfallCollectionViewLayoutDemo[11207:c07] Added attribute in PlaceItem: {X=171,Y=9,Width=140,Height=200}
2013-07-19 16:33:09.083 WaterfallCollectionViewLayoutDemo[11207:c07] HeightForItem 100
2013-07-19 16:33:09.084 WaterfallCollectionViewLayoutDemo[11207:c07] Shortest Index: 0
2013-07-19 16:33:09.084 WaterfallCollectionViewLayoutDemo[11207:c07] Added attribute in PlaceItem: {X=9,Y=115,Width=140,Height=100}
2013-07-19 16:33:09.085 WaterfallCollectionViewLayoutDemo[11207:c07] HeightForItem 84
2013-07-19 16:33:09.085 WaterfallCollectionViewLayoutDemo[11207:c07] Shortest Index: 1
2013-07-19 16:33:09.086 WaterfallCollectionViewLayoutDemo[11207:c07] Added attribute in PlaceItem: {X=171,Y=231,Width=140,Height=84}
2013-07-19 16:33:09.087 WaterfallCollectionViewLayoutDemo[11207:c07] HeightForItem 200
2013-07-19 16:33:09.087 WaterfallCollectionViewLayoutDemo[11207:c07] Shortest Index: 0
2013-07-19 16:33:09.088 WaterfallCollectionViewLayoutDemo[11207:c07] Added attribute in PlaceItem: {X=9,Y=237,Width=140,Height=200}
2013-07-19 16:33:09.088 WaterfallCollectionViewLayoutDemo[11207:c07] HeightForItem 100
2013-07-19 16:33:09.089 WaterfallCollectionViewLayoutDemo[11207:c07] Shortest Index: 1
2013-07-19 16:33:09.089 WaterfallCollectionViewLayoutDemo[11207:c07] Added attribute in PlaceItem: {X=171,Y=337,Width=140,Height=100}
2013-07-19 16:33:09.090 WaterfallCollectionViewLayoutDemo[11207:c07] HeightForItem 84
2013-07-19 16:33:09.090 WaterfallCollectionViewLayoutDemo[11207:c07] Shortest Index: 0
2013-07-19 16:33:09.091 WaterfallCollectionViewLayoutDemo[11207:c07] Added attribute in PlaceItem: {X=9,Y=459,Width=140,Height=84}
2013-07-19 16:33:09.092 WaterfallCollectionViewLayoutDemo[11207:c07] Largest Index: 0
2013-07-19 16:33:09.095 WaterfallCollectionViewLayoutDemo[11207:c07] FindItemAttributes TRUE
2013-07-19 16:33:09.096 WaterfallCollectionViewLayoutDemo[11207:c07] FindItemAttributes TRUE
2013-07-19 16:33:09.096 WaterfallCollectionViewLayoutDemo[11207:c07] FindItemAttributes TRUE
2013-07-19 16:33:09.097 WaterfallCollectionViewLayoutDemo[11207:c07] FindItemAttributes TRUE
2013-07-19 16:33:09.097 WaterfallCollectionViewLayoutDemo[11207:c07] FindItemAttributes TRUE
2013-07-19 16:33:09.097 WaterfallCollectionViewLayoutDemo[11207:c07] FindItemAttributes TRUE
2013-07-19 16:33:09.098 WaterfallCollectionViewLayoutDemo[11207:c07] FindItemAttributes TRUE
2013-07-19 16:33:09.099 WaterfallCollectionViewLayoutDemo[11207:c07] {X=9,Y=9,Width=140,Height=84}
2013-07-19 16:33:09.099 WaterfallCollectionViewLayoutDemo[11207:c07] {X=171,Y=9,Width=140,Height=200}
2013-07-19 16:33:09.099 WaterfallCollectionViewLayoutDemo[11207:c07] {X=9,Y=115,Width=140,Height=100}
2013-07-19 16:33:09.100 WaterfallCollectionViewLayoutDemo[11207:c07] {X=171,Y=231,Width=140,Height=84}
2013-07-19 16:33:09.100 WaterfallCollectionViewLayoutDemo[11207:c07] {X=9,Y=237,Width=140,Height=200}
2013-07-19 16:33:09.101 WaterfallCollectionViewLayoutDemo[11207:c07] {X=171,Y=337,Width=140,Height=100}
2013-07-19 16:33:09.101 WaterfallCollectionViewLayoutDemo[11207:c07] {X=9,Y=459,Width=140,Height=84}
2013-07-19 16:33:09.102 WaterfallCollectionViewLayoutDemo[11207:c07] Largest Index: 0
2013-07-19 16:33:12.284 WaterfallCollectionViewLayoutDemo[11207:c07] InterItemSpacing: 22
2013-07-19 16:33:12.285 WaterfallCollectionViewLayoutDemo[11207:c07] Item Count 7
2013-07-19 16:33:12.286 WaterfallCollectionViewLayoutDemo[11207:c07] SetupSectionInsets: 0
2013-07-19 16:33:12.286 WaterfallCollectionViewLayoutDemo[11207:c07] SetupSectionInsets: 1
2013-07-19 16:33:12.287 WaterfallCollectionViewLayoutDemo[11207:c07] HeightForItem 84
2013-07-19 16:33:12.287 WaterfallCollectionViewLayoutDemo[11207:c07] Shortest Index: 2
2013-07-19 16:33:12.288 WaterfallCollectionViewLayoutDemo[11207:c07] Added attribute in PlaceItem: {X=333,Y=9,Width=140,Height=84}
2013-07-19 16:33:12.288 WaterfallCollectionViewLayoutDemo[11207:c07] HeightForItem 200
2013-07-19 16:33:12.289 WaterfallCollectionViewLayoutDemo[11207:c07] Shortest Index: 3
2013-07-19 16:33:12.289 WaterfallCollectionViewLayoutDemo[11207:c07] Added attribute in PlaceItem: {X=495,Y=9,Width=140,Height=200}
2013-07-19 16:33:12.290 WaterfallCollectionViewLayoutDemo[11207:c07] HeightForItem 100
2013-07-19 16:33:12.290 WaterfallCollectionViewLayoutDemo[11207:c07] Shortest Index: 2
2013-07-19 16:33:12.291 WaterfallCollectionViewLayoutDemo[11207:c07] Added attribute in PlaceItem: {X=333,Y=115,Width=140,Height=100}
2013-07-19 16:33:12.291 WaterfallCollectionViewLayoutDemo[11207:c07] HeightForItem 84
2013-07-19 16:33:12.292 WaterfallCollectionViewLayoutDemo[11207:c07] Shortest Index: 3
2013-07-19 16:33:12.293 WaterfallCollectionViewLayoutDemo[11207:c07] Added attribute in PlaceItem: {X=495,Y=231,Width=140,Height=84}
2013-07-19 16:33:12.293 WaterfallCollectionViewLayoutDemo[11207:c07] HeightForItem 200
2013-07-19 16:33:12.294 WaterfallCollectionViewLayoutDemo[11207:c07] Shortest Index: 2
2013-07-19 16:33:12.294 WaterfallCollectionViewLayoutDemo[11207:c07] Added attribute in PlaceItem: {X=333,Y=237,Width=140,Height=200}
2013-07-19 16:33:12.295 WaterfallCollectionViewLayoutDemo[11207:c07] HeightForItem 100
2013-07-19 16:33:12.295 WaterfallCollectionViewLayoutDemo[11207:c07] Shortest Index: 3
2013-07-19 16:33:12.296 WaterfallCollectionViewLayoutDemo[11207:c07] Added attribute in PlaceItem: {X=495,Y=337,Width=140,Height=100}
2013-07-19 16:33:12.296 WaterfallCollectionViewLayoutDemo[11207:c07] HeightForItem 84
2013-07-19 16:33:12.297 WaterfallCollectionViewLayoutDemo[11207:c07] Shortest Index: 1
2013-07-19 16:33:12.297 WaterfallCollectionViewLayoutDemo[11207:c07] Added attribute in PlaceItem: {X=171,Y=459,Width=140,Height=84}
2013-07-19 16:33:12.298 WaterfallCollectionViewLayoutDemo[11207:c07] Largest Index: 0
2013-07-19 16:33:12.298 WaterfallCollectionViewLayoutDemo[11207:c07] FindItemAttributes TRUE
2013-07-19 16:33:12.299 WaterfallCollectionViewLayoutDemo[11207:c07] FindItemAttributes TRUE
2013-07-19 16:33:12.299 WaterfallCollectionViewLayoutDemo[11207:c07] FindItemAttributes TRUE
2013-07-19 16:33:12.299 WaterfallCollectionViewLayoutDemo[11207:c07] FindItemAttributes TRUE
2013-07-19 16:33:12.300 WaterfallCollectionViewLayoutDemo[11207:c07] FindItemAttributes TRUE
2013-07-19 16:33:12.300 WaterfallCollectionViewLayoutDemo[11207:c07] FindItemAttributes TRUE
2013-07-19 16:33:12.301 WaterfallCollectionViewLayoutDemo[11207:c07] FindItemAttributes TRUE
2013-07-19 16:33:12.301 WaterfallCollectionViewLayoutDemo[11207:c07] FindItemAttributes FALSE
2013-07-19 16:33:12.301 WaterfallCollectionViewLayoutDemo[11207:c07] FindItemAttributes FALSE
2013-07-19 16:33:12.302 WaterfallCollectionViewLayoutDemo[11207:c07] FindItemAttributes FALSE
2013-07-19 16:33:12.302 WaterfallCollectionViewLayoutDemo[11207:c07] FindItemAttributes FALSE
2013-07-19 16:33:12.303 WaterfallCollectionViewLayoutDemo[11207:c07] FindItemAttributes FALSE
2013-07-19 16:33:12.303 WaterfallCollectionViewLayoutDemo[11207:c07] FindItemAttributes FALSE
2013-07-19 16:33:12.304 WaterfallCollectionViewLayoutDemo[11207:c07] FindItemAttributes TRUE
2013-07-19 16:33:12.304 WaterfallCollectionViewLayoutDemo[11207:c07] {X=9,Y=9,Width=140,Height=84}
2013-07-19 16:33:12.304 WaterfallCollectionViewLayoutDemo[11207:c07] {X=171,Y=9,Width=140,Height=200}
2013-07-19 16:33:12.305 WaterfallCollectionViewLayoutDemo[11207:c07] {X=9,Y=115,Width=140,Height=100}
2013-07-19 16:33:12.305 WaterfallCollectionViewLayoutDemo[11207:c07] {X=171,Y=231,Width=140,Height=84}
2013-07-19 16:33:12.306 WaterfallCollectionViewLayoutDemo[11207:c07] {X=9,Y=237,Width=140,Height=200}
2013-07-19 16:33:12.306 WaterfallCollectionViewLayoutDemo[11207:c07] {X=171,Y=337,Width=140,Height=100}
2013-07-19 16:33:12.307 WaterfallCollectionViewLayoutDemo[11207:c07] {X=9,Y=459,Width=140,Height=84}
2013-07-19 16:33:12.307 WaterfallCollectionViewLayoutDemo[11207:c07] {X=171,Y=459,Width=140,Height=84}
2013-07-19 16:33:12.308 WaterfallCollectionViewLayoutDemo[11207:c07] Largest Index: 0
2013-07-19 16:33:12.367 WaterfallCollectionViewLayoutDemo[11207:c07] InterItemSpacing: 22
2013-07-19 16:33:12.367 WaterfallCollectionViewLayoutDemo[11207:c07] Item Count 7
2013-07-19 16:33:12.368 WaterfallCollectionViewLayoutDemo[11207:c07] SetupSectionInsets: 0
2013-07-19 16:33:12.368 WaterfallCollectionViewLayoutDemo[11207:c07] SetupSectionInsets: 1
2013-07-19 16:33:12.369 WaterfallCollectionViewLayoutDemo[11207:c07] HeightForItem 84
2013-07-19 16:33:12.369 WaterfallCollectionViewLayoutDemo[11207:c07] Shortest Index: 4
2013-07-19 16:33:12.370 WaterfallCollectionViewLayoutDemo[11207:c07] Added attribute in PlaceItem: {X=657,Y=9,Width=140,Height=84}
2013-07-19 16:33:12.370 WaterfallCollectionViewLayoutDemo[11207:c07] HeightForItem 200
2013-07-19 16:33:12.371 WaterfallCollectionViewLayoutDemo[11207:c07] Shortest Index: 5
2013-07-19 16:33:12.371 WaterfallCollectionViewLayoutDemo[11207:c07] Added attribute in PlaceItem: {X=819,Y=9,Width=140,Height=200}
2013-07-19 16:33:12.372 WaterfallCollectionViewLayoutDemo[11207:c07] HeightForItem 100
2013-07-19 16:33:12.372 WaterfallCollectionViewLayoutDemo[11207:c07] Shortest Index: 4
2013-07-19 16:33:12.373 WaterfallCollectionViewLayoutDemo[11207:c07] Added attribute in PlaceItem: {X=657,Y=115,Width=140,Height=100}
2013-07-19 16:33:12.373 WaterfallCollectionViewLayoutDemo[11207:c07] HeightForItem 84
2013-07-19 16:33:12.374 WaterfallCollectionViewLayoutDemo[11207:c07] Shortest Index: 5
2013-07-19 16:33:12.374 WaterfallCollectionViewLayoutDemo[11207:c07] Added attribute in PlaceItem: {X=819,Y=231,Width=140,Height=84}
2013-07-19 16:33:12.374 WaterfallCollectionViewLayoutDemo[11207:c07] HeightForItem 200
2013-07-19 16:33:12.375 WaterfallCollectionViewLayoutDemo[11207:c07] Shortest Index: 4
2013-07-19 16:33:12.375 WaterfallCollectionViewLayoutDemo[11207:c07] Added attribute in PlaceItem: {X=657,Y=237,Width=140,Height=200}
2013-07-19 16:33:12.376 WaterfallCollectionViewLayoutDemo[11207:c07] HeightForItem 100
2013-07-19 16:33:12.376 WaterfallCollectionViewLayoutDemo[11207:c07] Shortest Index: 5
2013-07-19 16:33:12.377 WaterfallCollectionViewLayoutDemo[11207:c07] Added attribute in PlaceItem: {X=819,Y=337,Width=140,Height=100}
2013-07-19 16:33:12.377 WaterfallCollectionViewLayoutDemo[11207:c07] HeightForItem 84
2013-07-19 16:33:12.378 WaterfallCollectionViewLayoutDemo[11207:c07] Shortest Index: 2
2013-07-19 16:33:12.378 WaterfallCollectionViewLayoutDemo[11207:c07] Added attribute in PlaceItem: {X=333,Y=459,Width=140,Height=84}
2013-07-19 16:33:12.379 WaterfallCollectionViewLayoutDemo[11207:c07] Largest Index: 0
2013-07-19 16:33:12.380 WaterfallCollectionViewLayoutDemo[11207:c07] FindItemAttributes TRUE
2013-07-19 16:33:12.380 WaterfallCollectionViewLayoutDemo[11207:c07] FindItemAttributes TRUE
2013-07-19 16:33:12.380 WaterfallCollectionViewLayoutDemo[11207:c07] FindItemAttributes TRUE
2013-07-19 16:33:12.381 WaterfallCollectionViewLayoutDemo[11207:c07] FindItemAttributes TRUE
2013-07-19 16:33:12.381 WaterfallCollectionViewLayoutDemo[11207:c07] FindItemAttributes TRUE
2013-07-19 16:33:12.382 WaterfallCollectionViewLayoutDemo[11207:c07] FindItemAttributes TRUE
2013-07-19 16:33:12.382 WaterfallCollectionViewLayoutDemo[11207:c07] FindItemAttributes TRUE
2013-07-19 16:33:12.382 WaterfallCollectionViewLayoutDemo[11207:c07] FindItemAttributes FALSE
2013-07-19 16:33:12.383 WaterfallCollectionViewLayoutDemo[11207:c07] FindItemAttributes FALSE
2013-07-19 16:33:12.383 WaterfallCollectionViewLayoutDemo[11207:c07] FindItemAttributes FALSE
2013-07-19 16:33:12.384 WaterfallCollectionViewLayoutDemo[11207:c07] FindItemAttributes FALSE
2013-07-19 16:33:12.384 WaterfallCollectionViewLayoutDemo[11207:c07] FindItemAttributes FALSE
2013-07-19 16:33:12.384 WaterfallCollectionViewLayoutDemo[11207:c07] FindItemAttributes FALSE
2013-07-19 16:33:12.385 WaterfallCollectionViewLayoutDemo[11207:c07] FindItemAttributes TRUE
2013-07-19 16:33:12.385 WaterfallCollectionViewLayoutDemo[11207:c07] FindItemAttributes FALSE
2013-07-19 16:33:12.386 WaterfallCollectionViewLayoutDemo[11207:c07] FindItemAttributes FALSE
2013-07-19 16:33:12.386 WaterfallCollectionViewLayoutDemo[11207:c07] FindItemAttributes FALSE
2013-07-19 16:33:12.387 WaterfallCollectionViewLayoutDemo[11207:c07] FindItemAttributes FALSE
2013-07-19 16:33:12.387 WaterfallCollectionViewLayoutDemo[11207:c07] FindItemAttributes FALSE
2013-07-19 16:33:12.387 WaterfallCollectionViewLayoutDemo[11207:c07] FindItemAttributes FALSE
2013-07-19 16:33:12.388 WaterfallCollectionViewLayoutDemo[11207:c07] FindItemAttributes FALSE
2013-07-19 16:33:12.388 WaterfallCollectionViewLayoutDemo[11207:c07] {X=9,Y=9,Width=140,Height=84}
2013-07-19 16:33:12.389 WaterfallCollectionViewLayoutDemo[11207:c07] {X=171,Y=9,Width=140,Height=200}
2013-07-19 16:33:12.389 WaterfallCollectionViewLayoutDemo[11207:c07] {X=9,Y=115,Width=140,Height=100}
2013-07-19 16:33:12.390 WaterfallCollectionViewLayoutDemo[11207:c07] {X=171,Y=231,Width=140,Height=84}
2013-07-19 16:33:12.390 WaterfallCollectionViewLayoutDemo[11207:c07] {X=9,Y=237,Width=140,Height=200}
2013-07-19 16:33:12.391 WaterfallCollectionViewLayoutDemo[11207:c07] {X=171,Y=337,Width=140,Height=100}
2013-07-19 16:33:12.391 WaterfallCollectionViewLayoutDemo[11207:c07] {X=9,Y=459,Width=140,Height=84}
2013-07-19 16:33:12.392 WaterfallCollectionViewLayoutDemo[11207:c07] {X=171,Y=459,Width=140,Height=84}
2013-07-19 16:33:12.392 WaterfallCollectionViewLayoutDemo[11207:c07] Largest Index: 0
2013-07-19 16:33:12.400 WaterfallCollectionViewLayoutDemo[11207:c07] InterItemSpacing: 22
2013-07-19 16:33:12.401 WaterfallCollectionViewLayoutDemo[11207:c07] Item Count 7
2013-07-19 16:33:12.402 WaterfallCollectionViewLayoutDemo[11207:c07] SetupSectionInsets: 0
2013-07-19 16:33:12.402 WaterfallCollectionViewLayoutDemo[11207:c07] SetupSectionInsets: 1
2013-07-19 16:33:12.402 WaterfallCollectionViewLayoutDemo[11207:c07] HeightForItem 84
2013-07-19 16:33:12.403 WaterfallCollectionViewLayoutDemo[11207:c07] Shortest Index: 6
2013-07-19 16:33:12.403 WaterfallCollectionViewLayoutDemo[11207:c07] Added attribute in PlaceItem: {X=981,Y=9,Width=140,Height=84}
2013-07-19 16:33:12.404 WaterfallCollectionViewLayoutDemo[11207:c07] HeightForItem 200
2013-07-19 16:33:12.404 WaterfallCollectionViewLayoutDemo[11207:c07] Shortest Index: 7
2013-07-19 16:33:12.405 WaterfallCollectionViewLayoutDemo[11207:c07] Added attribute in PlaceItem: {X=1143,Y=9,Width=140,Height=200}
2013-07-19 16:33:12.405 WaterfallCollectionViewLayoutDemo[11207:c07] HeightForItem 100
2013-07-19 16:33:12.406 WaterfallCollectionViewLayoutDemo[11207:c07] Shortest Index: 6
2013-07-19 16:33:12.406 WaterfallCollectionViewLayoutDemo[11207:c07] Added attribute in PlaceItem: {X=981,Y=115,Width=140,Height=100}
2013-07-19 16:33:12.407 WaterfallCollectionViewLayoutDemo[11207:c07] HeightForItem 84
2013-07-19 16:33:12.407 WaterfallCollectionViewLayoutDemo[11207:c07] Shortest Index: 7
2013-07-19 16:33:12.408 WaterfallCollectionViewLayoutDemo[11207:c07] Added attribute in PlaceItem: {X=1143,Y=231,Width=140,Height=84}
2013-07-19 16:33:12.409 WaterfallCollectionViewLayoutDemo[11207:c07] HeightForItem 200
2013-07-19 16:33:12.409 WaterfallCollectionViewLayoutDemo[11207:c07] Shortest Index: 6
2013-07-19 16:33:12.410 WaterfallCollectionViewLayoutDemo[11207:c07] Added attribute in PlaceItem: {X=981,Y=237,Width=140,Height=200}
2013-07-19 16:33:12.410 WaterfallCollectionViewLayoutDemo[11207:c07] HeightForItem 100
2013-07-19 16:33:12.411 WaterfallCollectionViewLayoutDemo[11207:c07] Shortest Index: 7
2013-07-19 16:33:12.411 WaterfallCollectionViewLayoutDemo[11207:c07] Added attribute in PlaceItem: {X=1143,Y=337,Width=140,Height=100}
2013-07-19 16:33:12.412 WaterfallCollectionViewLayoutDemo[11207:c07] HeightForItem 84
2013-07-19 16:33:12.412 WaterfallCollectionViewLayoutDemo[11207:c07] Shortest Index: 3
2013-07-19 16:33:12.413 WaterfallCollectionViewLayoutDemo[11207:c07] Added attribute in PlaceItem: {X=495,Y=459,Width=140,Height=84}
2013-07-19 16:33:12.413 WaterfallCollectionViewLayoutDemo[11207:c07] Largest Index: 0
2013-07-19 16:33:12.414 WaterfallCollectionViewLayoutDemo[11207:c07] FindItemAttributes TRUE
2013-07-19 16:33:12.414 WaterfallCollectionViewLayoutDemo[11207:c07] FindItemAttributes TRUE
2013-07-19 16:33:12.415 WaterfallCollectionViewLayoutDemo[11207:c07] FindItemAttributes TRUE
2013-07-19 16:33:12.415 WaterfallCollectionViewLayoutDemo[11207:c07] FindItemAttributes TRUE
2013-07-19 16:33:12.416 WaterfallCollectionViewLayoutDemo[11207:c07] FindItemAttributes TRUE
2013-07-19 16:33:12.416 WaterfallCollectionViewLayoutDemo[11207:c07] FindItemAttributes TRUE
2013-07-19 16:33:12.416 WaterfallCollectionViewLayoutDemo[11207:c07] FindItemAttributes TRUE
2013-07-19 16:33:12.417 WaterfallCollectionViewLayoutDemo[11207:c07] FindItemAttributes FALSE
2013-07-19 16:33:12.417 WaterfallCollectionViewLayoutDemo[11207:c07] FindItemAttributes FALSE
2013-07-19 16:33:12.418 WaterfallCollectionViewLayoutDemo[11207:c07] FindItemAttributes FALSE
2013-07-19 16:33:12.418 WaterfallCollectionViewLayoutDemo[11207:c07] FindItemAttributes FALSE
2013-07-19 16:33:12.418 WaterfallCollectionViewLayoutDemo[11207:c07] FindItemAttributes FALSE
2013-07-19 16:33:12.419 WaterfallCollectionViewLayoutDemo[11207:c07] FindItemAttributes FALSE
2013-07-19 16:33:12.419 WaterfallCollectionViewLayoutDemo[11207:c07] FindItemAttributes TRUE
2013-07-19 16:33:12.420 WaterfallCollectionViewLayoutDemo[11207:c07] FindItemAttributes FALSE
2013-07-19 16:33:12.420 WaterfallCollectionViewLayoutDemo[11207:c07] FindItemAttributes FALSE
2013-07-19 16:33:12.420 WaterfallCollectionViewLayoutDemo[11207:c07] FindItemAttributes FALSE
2013-07-19 16:33:12.421 WaterfallCollectionViewLayoutDemo[11207:c07] FindItemAttributes FALSE
2013-07-19 16:33:12.421 WaterfallCollectionViewLayoutDemo[11207:c07] FindItemAttributes FALSE
2013-07-19 16:33:12.422 WaterfallCollectionViewLayoutDemo[11207:c07] FindItemAttributes FALSE
2013-07-19 16:33:12.422 WaterfallCollectionViewLayoutDemo[11207:c07] FindItemAttributes FALSE
2013-07-19 16:33:12.423 WaterfallCollectionViewLayoutDemo[11207:c07] FindItemAttributes FALSE
2013-07-19 16:33:12.423 WaterfallCollectionViewLayoutDemo[11207:c07] FindItemAttributes FALSE
2013-07-19 16:33:12.423 WaterfallCollectionViewLayoutDemo[11207:c07] FindItemAttributes FALSE
2013-07-19 16:33:12.424 WaterfallCollectionViewLayoutDemo[11207:c07] FindItemAttributes FALSE
2013-07-19 16:33:12.424 WaterfallCollectionViewLayoutDemo[11207:c07] FindItemAttributes FALSE
2013-07-19 16:33:12.425 WaterfallCollectionViewLayoutDemo[11207:c07] FindItemAttributes FALSE
2013-07-19 16:33:12.425 WaterfallCollectionViewLayoutDemo[11207:c07] FindItemAttributes FALSE
2013-07-19 16:33:12.425 WaterfallCollectionViewLayoutDemo[11207:c07] {X=9,Y=9,Width=140,Height=84}
2013-07-19 16:33:12.426 WaterfallCollectionViewLayoutDemo[11207:c07] {X=171,Y=9,Width=140,Height=200}
2013-07-19 16:33:12.426 WaterfallCollectionViewLayoutDemo[11207:c07] {X=9,Y=115,Width=140,Height=100}
2013-07-19 16:33:12.427 WaterfallCollectionViewLayoutDemo[11207:c07] {X=171,Y=231,Width=140,Height=84}
2013-07-19 16:33:12.427 WaterfallCollectionViewLayoutDemo[11207:c07] {X=9,Y=237,Width=140,Height=200}
2013-07-19 16:33:12.428 WaterfallCollectionViewLayoutDemo[11207:c07] {X=171,Y=337,Width=140,Height=100}
2013-07-19 16:33:12.428 WaterfallCollectionViewLayoutDemo[11207:c07] {X=9,Y=459,Width=140,Height=84}
2013-07-19 16:33:12.429 WaterfallCollectionViewLayoutDemo[11207:c07] {X=171,Y=459,Width=140,Height=84}
2013-07-19 16:33:12.429 WaterfallCollectionViewLayoutDemo[11207:c07] Largest Index: 0
2013-07-19 16:33:12.450 WaterfallCollectionViewLayoutDemo[11207:c07] InterItemSpacing: 22
2013-07-19 16:33:12.451 WaterfallCollectionViewLayoutDemo[11207:c07] Item Count 7
2013-07-19 16:33:12.451 WaterfallCollectionViewLayoutDemo[11207:c07] SetupSectionInsets: 0
2013-07-19 16:33:12.452 WaterfallCollectionViewLayoutDemo[11207:c07] SetupSectionInsets: 1
2013-07-19 16:33:12.452 WaterfallCollectionViewLayoutDemo[11207:c07] HeightForItem 84
2013-07-19 16:33:12.453 WaterfallCollectionViewLayoutDemo[11207:c07] Shortest Index: 8
2013-07-19 16:33:12.453 WaterfallCollectionViewLayoutDemo[11207:c07] Added attribute in PlaceItem: {X=1305,Y=9,Width=140,Height=84}
2013-07-19 16:33:12.454 WaterfallCollectionViewLayoutDemo[11207:c07] HeightForItem 200
2013-07-19 16:33:12.454 WaterfallCollectionViewLayoutDemo[11207:c07] Shortest Index: 9
2013-07-19 16:33:12.455 WaterfallCollectionViewLayoutDemo[11207:c07] Added attribute in PlaceItem: {X=1467,Y=9,Width=140,Height=200}
2013-07-19 16:33:12.456 WaterfallCollectionViewLayoutDemo[11207:c07] HeightForItem 100
2013-07-19 16:33:12.456 WaterfallCollectionViewLayoutDemo[11207:c07] Shortest Index: 8
2013-07-19 16:33:12.457 WaterfallCollectionViewLayoutDemo[11207:c07] Added attribute in PlaceItem: {X=1305,Y=115,Width=140,Height=100}
2013-07-19 16:33:12.457 WaterfallCollectionViewLayoutDemo[11207:c07] HeightForItem 84
2013-07-19 16:33:12.458 WaterfallCollectionViewLayoutDemo[11207:c07] Shortest Index: 9
2013-07-19 16:33:12.459 WaterfallCollectionViewLayoutDemo[11207:c07] Added attribute in PlaceItem: {X=1467,Y=231,Width=140,Height=84}
2013-07-19 16:33:12.459 WaterfallCollectionViewLayoutDemo[11207:c07] HeightForItem 200
2013-07-19 16:33:12.460 WaterfallCollectionViewLayoutDemo[11207:c07] Shortest Index: 8
2013-07-19 16:33:12.460 WaterfallCollectionViewLayoutDemo[11207:c07] Added attribute in PlaceItem: {X=1305,Y=237,Width=140,Height=200}
2013-07-19 16:33:12.461 WaterfallCollectionViewLayoutDemo[11207:c07] HeightForItem 100
2013-07-19 16:33:12.462 WaterfallCollectionViewLayoutDemo[11207:c07] Shortest Index: 9
2013-07-19 16:33:12.463 WaterfallCollectionViewLayoutDemo[11207:c07] Added attribute in PlaceItem: {X=1467,Y=337,Width=140,Height=100}
2013-07-19 16:33:12.463 WaterfallCollectionViewLayoutDemo[11207:c07] HeightForItem 84
2013-07-19 16:33:12.464 WaterfallCollectionViewLayoutDemo[11207:c07] Shortest Index: 4
2013-07-19 16:33:12.465 WaterfallCollectionViewLayoutDemo[11207:c07] Added attribute in PlaceItem: {X=657,Y=459,Width=140,Height=84}
2013-07-19 16:33:12.465 WaterfallCollectionViewLayoutDemo[11207:c07] Largest Index: 0
2013-07-19 16:33:12.466 WaterfallCollectionViewLayoutDemo[11207:c07] FindItemAttributes TRUE
2013-07-19 16:33:12.466 WaterfallCollectionViewLayoutDemo[11207:c07] FindItemAttributes TRUE
2013-07-19 16:33:12.467 WaterfallCollectionViewLayoutDemo[11207:c07] FindItemAttributes TRUE
2013-07-19 16:33:12.467 WaterfallCollectionViewLayoutDemo[11207:c07] FindItemAttributes TRUE
2013-07-19 16:33:12.468 WaterfallCollectionViewLayoutDemo[11207:c07] FindItemAttributes TRUE
2013-07-19 16:33:12.468 WaterfallCollectionViewLayoutDemo[11207:c07] FindItemAttributes TRUE
2013-07-19 16:33:12.468 WaterfallCollectionViewLayoutDemo[11207:c07] FindItemAttributes TRUE
2013-07-19 16:33:12.469 WaterfallCollectionViewLayoutDemo[11207:c07] FindItemAttributes FALSE
2013-07-19 16:33:12.469 WaterfallCollectionViewLayoutDemo[11207:c07] FindItemAttributes FALSE
2013-07-19 16:33:12.470 WaterfallCollectionViewLayoutDemo[11207:c07] FindItemAttributes FALSE
2013-07-19 16:33:12.470 WaterfallCollectionViewLayoutDemo[11207:c07] FindItemAttributes FALSE
2013-07-19 16:33:12.471 WaterfallCollectionViewLayoutDemo[11207:c07] FindItemAttributes FALSE
2013-07-19 16:33:12.471 WaterfallCollectionViewLayoutDemo[11207:c07] FindItemAttributes FALSE
2013-07-19 16:33:12.471 WaterfallCollectionViewLayoutDemo[11207:c07] FindItemAttributes TRUE
2013-07-19 16:33:12.472 WaterfallCollectionViewLayoutDemo[11207:c07] FindItemAttributes FALSE
2013-07-19 16:33:12.472 WaterfallCollectionViewLayoutDemo[11207:c07] FindItemAttributes FALSE
2013-07-19 16:33:12.473 WaterfallCollectionViewLayoutDemo[11207:c07] FindItemAttributes FALSE
2013-07-19 16:33:12.473 WaterfallCollectionViewLayoutDemo[11207:c07] FindItemAttributes FALSE
2013-07-19 16:33:12.474 WaterfallCollectionViewLayoutDemo[11207:c07] FindItemAttributes FALSE
2013-07-19 16:33:12.474 WaterfallCollectionViewLayoutDemo[11207:c07] FindItemAttributes FALSE
2013-07-19 16:33:12.474 WaterfallCollectionViewLayoutDemo[11207:c07] FindItemAttributes FALSE
2013-07-19 16:33:12.475 WaterfallCollectionViewLayoutDemo[11207:c07] FindItemAttributes FALSE
2013-07-19 16:33:12.475 WaterfallCollectionViewLayoutDemo[11207:c07] FindItemAttributes FALSE
2013-07-19 16:33:12.476 WaterfallCollectionViewLayoutDemo[11207:c07] FindItemAttributes FALSE
2013-07-19 16:33:12.476 WaterfallCollectionViewLayoutDemo[11207:c07] FindItemAttributes FALSE
2013-07-19 16:33:12.476 WaterfallCollectionViewLayoutDemo[11207:c07] FindItemAttributes FALSE
2013-07-19 16:33:12.477 WaterfallCollectionViewLayoutDemo[11207:c07] FindItemAttributes FALSE
2013-07-19 16:33:12.477 WaterfallCollectionViewLayoutDemo[11207:c07] FindItemAttributes FALSE
2013-07-19 16:33:12.478 WaterfallCollectionViewLayoutDemo[11207:c07] FindItemAttributes FALSE
2013-07-19 16:33:12.478 WaterfallCollectionViewLayoutDemo[11207:c07] FindItemAttributes FALSE
2013-07-19 16:33:12.479 WaterfallCollectionViewLayoutDemo[11207:c07] FindItemAttributes FALSE
2013-07-19 16:33:12.479 WaterfallCollectionViewLayoutDemo[11207:c07] FindItemAttributes FALSE
2013-07-19 16:33:12.480 WaterfallCollectionViewLayoutDemo[11207:c07] FindItemAttributes FALSE
2013-07-19 16:33:12.480 WaterfallCollectionViewLayoutDemo[11207:c07] FindItemAttributes FALSE
2013-07-19 16:33:12.481 WaterfallCollectionViewLayoutDemo[11207:c07] FindItemAttributes FALSE
2013-07-19 16:33:12.481 WaterfallCollectionViewLayoutDemo[11207:c07] {X=9,Y=9,Width=140,Height=84}
2013-07-19 16:33:12.481 WaterfallCollectionViewLayoutDemo[11207:c07] {X=171,Y=9,Width=140,Height=200}
2013-07-19 16:33:12.482 WaterfallCollectionViewLayoutDemo[11207:c07] {X=9,Y=115,Width=140,Height=100}
2013-07-19 16:33:12.482 WaterfallCollectionViewLayoutDemo[11207:c07] {X=171,Y=231,Width=140,Height=84}
2013-07-19 16:33:12.483 WaterfallCollectionViewLayoutDemo[11207:c07] {X=9,Y=237,Width=140,Height=200}
2013-07-19 16:33:12.483 WaterfallCollectionViewLayoutDemo[11207:c07] {X=171,Y=337,Width=140,Height=100}
2013-07-19 16:33:12.483 WaterfallCollectionViewLayoutDemo[11207:c07] {X=9,Y=459,Width=140,Height=84}
2013-07-19 16:33:12.484 WaterfallCollectionViewLayoutDemo[11207:c07] {X=171,Y=459,Width=140,Height=84}
2013-07-19 16:33:12.484 WaterfallCollectionViewLayoutDemo[11207:c07] Largest Index: 0
2013-07-19 16:33:12.518 WaterfallCollectionViewLayoutDemo[11207:c07] InterItemSpacing: 22
2013-07-19 16:33:12.519 WaterfallCollectionViewLayoutDemo[11207:c07] Item Count 7
2013-07-19 16:33:12.519 WaterfallCollectionViewLayoutDemo[11207:c07] SetupSectionInsets: 0
2013-07-19 16:33:12.520 WaterfallCollectionViewLayoutDemo[11207:c07] SetupSectionInsets: 1
2013-07-19 16:33:12.520 WaterfallCollectionViewLayoutDemo[11207:c07] HeightForItem 84
2013-07-19 16:33:12.521 WaterfallCollectionViewLayoutDemo[11207:c07] Shortest Index: 10
2013-07-19 16:33:12.521 WaterfallCollectionViewLayoutDemo[11207:c07] Added attribute in PlaceItem: {X=1629,Y=9,Width=140,Height=84}
2013-07-19 16:33:12.522 WaterfallCollectionViewLayoutDemo[11207:c07] HeightForItem 200
2013-07-19 16:33:12.523 WaterfallCollectionViewLayoutDemo[11207:c07] Shortest Index: 11
2013-07-19 16:33:12.523 WaterfallCollectionViewLayoutDemo[11207:c07] Added attribute in PlaceItem: {X=1791,Y=9,Width=140,Height=200}
2013-07-19 16:33:12.524 WaterfallCollectionViewLayoutDemo[11207:c07] HeightForItem 100
2013-07-19 16:33:12.525 WaterfallCollectionViewLayoutDemo[11207:c07] Shortest Index: 10
2013-07-19 16:33:12.526 WaterfallCollectionViewLayoutDemo[11207:c07] Added attribute in PlaceItem: {X=1629,Y=115,Width=140,Height=100}
2013-07-19 16:33:12.527 WaterfallCollectionViewLayoutDemo[11207:c07] HeightForItem 84
2013-07-19 16:33:12.528 WaterfallCollectionViewLayoutDemo[11207:c07] Shortest Index: 11
2013-07-19 16:33:12.528 WaterfallCollectionViewLayoutDemo[11207:c07] Added attribute in PlaceItem: {X=1791,Y=231,Width=140,Height=84}
2013-07-19 16:33:12.529 WaterfallCollectionViewLayoutDemo[11207:c07] HeightForItem 200
2013-07-19 16:33:12.530 WaterfallCollectionViewLayoutDemo[11207:c07] Shortest Index: 10
2013-07-19 16:33:12.530 WaterfallCollectionViewLayoutDemo[11207:c07] Added attribute in PlaceItem: {X=1629,Y=237,Width=140,Height=200}
2013-07-19 16:33:12.531 WaterfallCollectionViewLayoutDemo[11207:c07] HeightForItem 100
2013-07-19 16:33:12.531 WaterfallCollectionViewLayoutDemo[11207:c07] Shortest Index: 11
2013-07-19 16:33:12.532 WaterfallCollectionViewLayoutDemo[11207:c07] Added attribute in PlaceItem: {X=1791,Y=337,Width=140,Height=100}
2013-07-19 16:33:12.533 WaterfallCollectionViewLayoutDemo[11207:c07] HeightForItem 84
2013-07-19 16:33:12.533 WaterfallCollectionViewLayoutDemo[11207:c07] Shortest Index: 5
2013-07-19 16:33:12.534 WaterfallCollectionViewLayoutDemo[11207:c07] Added attribute in PlaceItem: {X=819,Y=459,Width=140,Height=84}
2013-07-19 16:33:12.535 WaterfallCollectionViewLayoutDemo[11207:c07] Largest Index: 0
2013-07-19 16:33:12.536 WaterfallCollectionViewLayoutDemo[11207:c07] FindItemAttributes TRUE
2013-07-19 16:33:12.537 WaterfallCollectionViewLayoutDemo[11207:c07] FindItemAttributes TRUE
2013-07-19 16:33:12.538 WaterfallCollectionViewLayoutDemo[11207:c07] FindItemAttributes TRUE
2013-07-19 16:33:12.538 WaterfallCollectionViewLayoutDemo[11207:c07] FindItemAttributes TRUE
2013-07-19 16:33:12.539 WaterfallCollectionViewLayoutDemo[11207:c07] FindItemAttributes TRUE
2013-07-19 16:33:12.540 WaterfallCollectionViewLayoutDemo[11207:c07] FindItemAttributes TRUE
2013-07-19 16:33:12.540 WaterfallCollectionViewLayoutDemo[11207:c07] FindItemAttributes TRUE
2013-07-19 16:33:12.541 WaterfallCollectionViewLayoutDemo[11207:c07] FindItemAttributes FALSE
2013-07-19 16:33:12.543 WaterfallCollectionViewLayoutDemo[11207:c07] FindItemAttributes FALSE
2013-07-19 16:33:12.544 WaterfallCollectionViewLayoutDemo[11207:c07] FindItemAttributes FALSE
2013-07-19 16:33:12.545 WaterfallCollectionViewLayoutDemo[11207:c07] FindItemAttributes FALSE
2013-07-19 16:33:12.546 WaterfallCollectionViewLayoutDemo[11207:c07] FindItemAttributes FALSE
2013-07-19 16:33:12.546 WaterfallCollectionViewLayoutDemo[11207:c07] FindItemAttributes FALSE
2013-07-19 16:33:12.547 WaterfallCollectionViewLayoutDemo[11207:c07] FindItemAttributes TRUE
2013-07-19 16:33:12.547 WaterfallCollectionViewLayoutDemo[11207:c07] FindItemAttributes FALSE
2013-07-19 16:33:12.548 WaterfallCollectionViewLayoutDemo[11207:c07] FindItemAttributes FALSE
2013-07-19 16:33:12.549 WaterfallCollectionViewLayoutDemo[11207:c07] FindItemAttributes FALSE
2013-07-19 16:33:12.549 WaterfallCollectionViewLayoutDemo[11207:c07] FindItemAttributes FALSE
2013-07-19 16:33:12.550 WaterfallCollectionViewLayoutDemo[11207:c07] FindItemAttributes FALSE
2013-07-19 16:33:12.551 WaterfallCollectionViewLayoutDemo[11207:c07] FindItemAttributes FALSE
2013-07-19 16:33:12.551 WaterfallCollectionViewLayoutDemo[11207:c07] FindItemAttributes FALSE
2013-07-19 16:33:12.552 WaterfallCollectionViewLayoutDemo[11207:c07] FindItemAttributes FALSE
2013-07-19 16:33:12.552 WaterfallCollectionViewLayoutDemo[11207:c07] FindItemAttributes FALSE
2013-07-19 16:33:12.553 WaterfallCollectionViewLayoutDemo[11207:c07] FindItemAttributes FALSE
2013-07-19 16:33:12.553 WaterfallCollectionViewLayoutDemo[11207:c07] FindItemAttributes FALSE
2013-07-19 16:33:12.554 WaterfallCollectionViewLayoutDemo[11207:c07] FindItemAttributes FALSE
2013-07-19 16:33:12.554 WaterfallCollectionViewLayoutDemo[11207:c07] FindItemAttributes FALSE
2013-07-19 16:33:12.555 WaterfallCollectionViewLayoutDemo[11207:c07] FindItemAttributes FALSE
2013-07-19 16:33:12.555 WaterfallCollectionViewLayoutDemo[11207:c07] FindItemAttributes FALSE
2013-07-19 16:33:12.556 WaterfallCollectionViewLayoutDemo[11207:c07] FindItemAttributes FALSE
2013-07-19 16:33:12.557 WaterfallCollectionViewLayoutDemo[11207:c07] FindItemAttributes FALSE
2013-07-19 16:33:12.557 WaterfallCollectionViewLayoutDemo[11207:c07] FindItemAttributes FALSE
2013-07-19 16:33:12.558 WaterfallCollectionViewLayoutDemo[11207:c07] FindItemAttributes FALSE
2013-07-19 16:33:12.558 WaterfallCollectionViewLayoutDemo[11207:c07] FindItemAttributes FALSE
2013-07-19 16:33:12.559 WaterfallCollectionViewLayoutDemo[11207:c07] FindItemAttributes FALSE
2013-07-19 16:33:12.560 WaterfallCollectionViewLayoutDemo[11207:c07] FindItemAttributes FALSE
2013-07-19 16:33:12.561 WaterfallCollectionViewLayoutDemo[11207:c07] FindItemAttributes FALSE
2013-07-19 16:33:12.561 WaterfallCollectionViewLayoutDemo[11207:c07] FindItemAttributes FALSE
2013-07-19 16:33:12.562 WaterfallCollectionViewLayoutDemo[11207:c07] FindItemAttributes FALSE
2013-07-19 16:33:12.562 WaterfallCollectionViewLayoutDemo[11207:c07] FindItemAttributes FALSE
2013-07-19 16:33:12.563 WaterfallCollectionViewLayoutDemo[11207:c07] FindItemAttributes FALSE
2013-07-19 16:33:12.563 WaterfallCollectionViewLayoutDemo[11207:c07] FindItemAttributes FALSE
2013-07-19 16:33:12.564 WaterfallCollectionViewLayoutDemo[11207:c07] {X=9,Y=9,Width=140,Height=84}
2013-07-19 16:33:12.564 WaterfallCollectionViewLayoutDemo[11207:c07] {X=171,Y=9,Width=140,Height=200}
2013-07-19 16:33:12.565 WaterfallCollectionViewLayoutDemo[11207:c07] {X=9,Y=115,Width=140,Height=100}
2013-07-19 16:33:12.566 WaterfallCollectionViewLayoutDemo[11207:c07] {X=171,Y=231,Width=140,Height=84}
2013-07-19 16:33:12.569 WaterfallCollectionViewLayoutDemo[11207:c07] {X=9,Y=237,Width=140,Height=200}
2013-07-19 16:33:12.570 WaterfallCollectionViewLayoutDemo[11207:c07] {X=171,Y=337,Width=140,Height=100}
2013-07-19 16:33:12.571 WaterfallCollectionViewLayoutDemo[11207:c07] {X=9,Y=459,Width=140,Height=84}
2013-07-19 16:33:12.575 WaterfallCollectionViewLayoutDemo[11207:c07] {X=171,Y=459,Width=140,Height=84}
2013-07-19 16:33:12.577 WaterfallCollectionViewLayoutDemo[11207:c07] Largest Index: 0
2013-07-19 16:33:12.578 WaterfallCollectionViewLayoutDemo[11207:c07] InterItemSpacing: 22
2013-07-19 16:33:12.579 WaterfallCollectionViewLayoutDemo[11207:c07] Item Count 7
2013-07-19 16:33:12.580 WaterfallCollectionViewLayoutDemo[11207:c07] SetupSectionInsets: 0
2013-07-19 16:33:12.581 WaterfallCollectionViewLayoutDemo[11207:c07] SetupSectionInsets: 1
2013-07-19 16:33:12.582 WaterfallCollectionViewLayoutDemo[11207:c07] HeightForItem 84
2013-07-19 16:33:12.586 WaterfallCollectionViewLayoutDemo[11207:c07] Shortest Index: 12
2013-07-19 16:33:12.587 WaterfallCollectionViewLayoutDemo[11207:c07] Added attribute in PlaceItem: {X=1953,Y=9,Width=140,Height=84}
2013-07-19 16:33:12.588 WaterfallCollectionViewLayoutDemo[11207:c07] HeightForItem 200
2013-07-19 16:33:12.589 WaterfallCollectionViewLayoutDemo[11207:c07] Shortest Index: 13
2013-07-19 16:33:12.589 WaterfallCollectionViewLayoutDemo[11207:c07] Added attribute in PlaceItem: {X=2115,Y=9,Width=140,Height=200}
2013-07-19 16:33:12.590 WaterfallCollectionViewLayoutDemo[11207:c07] HeightForItem 100
2013-07-19 16:33:12.591 WaterfallCollectionViewLayoutDemo[11207:c07] Shortest Index: 12
2013-07-19 16:33:12.592 WaterfallCollectionViewLayoutDemo[11207:c07] Added attribute in PlaceItem: {X=1953,Y=115,Width=140,Height=100}
2013-07-19 16:33:12.594 WaterfallCollectionViewLayoutDemo[11207:c07] HeightForItem 84
2013-07-19 16:33:12.594 WaterfallCollectionViewLayoutDemo[11207:c07] Shortest Index: 13
2013-07-19 16:33:12.595 WaterfallCollectionViewLayoutDemo[11207:c07] Added attribute in PlaceItem: {X=2115,Y=231,Width=140,Height=84}
2013-07-19 16:33:12.596 WaterfallCollectionViewLayoutDemo[11207:c07] HeightForItem 200
2013-07-19 16:33:12.597 WaterfallCollectionViewLayoutDemo[11207:c07] Shortest Index: 12
2013-07-19 16:33:12.597 WaterfallCollectionViewLayoutDemo[11207:c07] Added attribute in PlaceItem: {X=1953,Y=237,Width=140,Height=200}
2013-07-19 16:33:12.598 WaterfallCollectionViewLayoutDemo[11207:c07] HeightForItem 100
2013-07-19 16:33:12.599 WaterfallCollectionViewLayoutDemo[11207:c07] Shortest Index: 13
2013-07-19 16:33:12.601 WaterfallCollectionViewLayoutDemo[11207:c07] Added attribute in PlaceItem: {X=2115,Y=337,Width=140,Height=100}
2013-07-19 16:33:12.601 WaterfallCollectionViewLayoutDemo[11207:c07] HeightForItem 84
2013-07-19 16:33:12.602 WaterfallCollectionViewLayoutDemo[11207:c07] Shortest Index: 6
2013-07-19 16:33:12.603 WaterfallCollectionViewLayoutDemo[11207:c07] Added attribute in PlaceItem: {X=981,Y=459,Width=140,Height=84}
2013-07-19 16:33:12.604 WaterfallCollectionViewLayoutDemo[11207:c07] Largest Index: 0
2013-07-19 16:33:12.605 WaterfallCollectionViewLayoutDemo[11207:c07] FindItemAttributes TRUE
2013-07-19 16:33:12.606 WaterfallCollectionViewLayoutDemo[11207:c07] FindItemAttributes TRUE
2013-07-19 16:33:12.607 WaterfallCollectionViewLayoutDemo[11207:c07] FindItemAttributes TRUE
2013-07-19 16:33:12.608 WaterfallCollectionViewLayoutDemo[11207:c07] FindItemAttributes TRUE
2013-07-19 16:33:12.608 WaterfallCollectionViewLayoutDemo[11207:c07] FindItemAttributes TRUE
2013-07-19 16:33:12.609 WaterfallCollectionViewLayoutDemo[11207:c07] FindItemAttributes TRUE
2013-07-19 16:33:12.609 WaterfallCollectionViewLayoutDemo[11207:c07] FindItemAttributes TRUE
2013-07-19 16:33:12.610 WaterfallCollectionViewLayoutDemo[11207:c07] FindItemAttributes FALSE
2013-07-19 16:33:12.610 WaterfallCollectionViewLayoutDemo[11207:c07] FindItemAttributes FALSE
2013-07-19 16:33:12.611 WaterfallCollectionViewLayoutDemo[11207:c07] FindItemAttributes FALSE
2013-07-19 16:33:12.611 WaterfallCollectionViewLayoutDemo[11207:c07] FindItemAttributes FALSE
2013-07-19 16:33:12.612 WaterfallCollectionViewLayoutDemo[11207:c07] FindItemAttributes FALSE
2013-07-19 16:33:12.612 WaterfallCollectionViewLayoutDemo[11207:c07] FindItemAttributes FALSE
2013-07-19 16:33:12.613 WaterfallCollectionViewLayoutDemo[11207:c07] FindItemAttributes TRUE
2013-07-19 16:33:12.613 WaterfallCollectionViewLayoutDemo[11207:c07] FindItemAttributes FALSE
2013-07-19 16:33:12.614 WaterfallCollectionViewLayoutDemo[11207:c07] FindItemAttributes FALSE
2013-07-19 16:33:12.614 WaterfallCollectionViewLayoutDemo[11207:c07] FindItemAttributes FALSE
2013-07-19 16:33:12.615 WaterfallCollectionViewLayoutDemo[11207:c07] FindItemAttributes FALSE
2013-07-19 16:33:12.615 WaterfallCollectionViewLayoutDemo[11207:c07] FindItemAttributes FALSE
2013-07-19 16:33:12.615 WaterfallCollectionViewLayoutDemo[11207:c07] FindItemAttributes FALSE
2013-07-19 16:33:12.616 WaterfallCollectionViewLayoutDemo[11207:c07] FindItemAttributes FALSE
2013-07-19 16:33:12.617 WaterfallCollectionViewLayoutDemo[11207:c07] FindItemAttributes FALSE
2013-07-19 16:33:12.618 WaterfallCollectionViewLayoutDemo[11207:c07] FindItemAttributes FALSE
2013-07-19 16:33:12.618 WaterfallCollectionViewLayoutDemo[11207:c07] FindItemAttributes FALSE
2013-07-19 16:33:12.619 WaterfallCollectionViewLayoutDemo[11207:c07] FindItemAttributes FALSE
2013-07-19 16:33:12.619 WaterfallCollectionViewLayoutDemo[11207:c07] FindItemAttributes FALSE
2013-07-19 16:33:12.620 WaterfallCollectionViewLayoutDemo[11207:c07] FindItemAttributes FALSE
2013-07-19 16:33:12.621 WaterfallCollectionViewLayoutDemo[11207:c07] FindItemAttributes FALSE
2013-07-19 16:33:12.621 WaterfallCollectionViewLayoutDemo[11207:c07] FindItemAttributes FALSE
2013-07-19 16:33:12.622 WaterfallCollectionViewLayoutDemo[11207:c07] FindItemAttributes FALSE
2013-07-19 16:33:12.623 WaterfallCollectionViewLayoutDemo[11207:c07] FindItemAttributes FALSE
2013-07-19 16:33:12.624 WaterfallCollectionViewLayoutDemo[11207:c07] FindItemAttributes FALSE
2013-07-19 16:33:12.625 WaterfallCollectionViewLayoutDemo[11207:c07] FindItemAttributes FALSE
2013-07-19 16:33:12.625 WaterfallCollectionViewLayoutDemo[11207:c07] FindItemAttributes FALSE
2013-07-19 16:33:12.626 WaterfallCollectionViewLayoutDemo[11207:c07] FindItemAttributes FALSE
2013-07-19 16:33:12.626 WaterfallCollectionViewLayoutDemo[11207:c07] FindItemAttributes FALSE
2013-07-19 16:33:12.627 WaterfallCollectionViewLayoutDemo[11207:c07] FindItemAttributes FALSE
2013-07-19 16:33:12.627 WaterfallCollectionViewLayoutDemo[11207:c07] FindItemAttributes FALSE
2013-07-19 16:33:12.628 WaterfallCollectionViewLayoutDemo[11207:c07] FindItemAttributes FALSE
2013-07-19 16:33:12.628 WaterfallCollectionViewLayoutDemo[11207:c07] FindItemAttributes FALSE
2013-07-19 16:33:12.629 WaterfallCollectionViewLayoutDemo[11207:c07] FindItemAttributes FALSE
2013-07-19 16:33:12.630 WaterfallCollectionViewLayoutDemo[11207:c07] FindItemAttributes FALSE
2013-07-19 16:33:12.630 WaterfallCollectionViewLayoutDemo[11207:c07] FindItemAttributes FALSE
2013-07-19 16:33:12.631 WaterfallCollectionViewLayoutDemo[11207:c07] FindItemAttributes FALSE
2013-07-19 16:33:12.631 WaterfallCollectionViewLayoutDemo[11207:c07] FindItemAttributes FALSE
2013-07-19 16:33:12.632 WaterfallCollectionViewLayoutDemo[11207:c07] FindItemAttributes FALSE
2013-07-19 16:33:12.632 WaterfallCollectionViewLayoutDemo[11207:c07] FindItemAttributes FALSE
2013-07-19 16:33:12.633 WaterfallCollectionViewLayoutDemo[11207:c07] FindItemAttributes FALSE
2013-07-19 16:33:12.633 WaterfallCollectionViewLayoutDemo[11207:c07] FindItemAttributes FALSE
2013-07-19 16:33:12.634 WaterfallCollectionViewLayoutDemo[11207:c07] {X=9,Y=9,Width=140,Height=84}
2013-07-19 16:33:12.634 WaterfallCollectionViewLayoutDemo[11207:c07] {X=171,Y=9,Width=140,Height=200}
2013-07-19 16:33:12.635 WaterfallCollectionViewLayoutDemo[11207:c07] {X=9,Y=115,Width=140,Height=100}
2013-07-19 16:33:12.635 WaterfallCollectionViewLayoutDemo[11207:c07] {X=171,Y=231,Width=140,Height=84}
2013-07-19 16:33:12.636 WaterfallCollectionViewLayoutDemo[11207:c07] {X=9,Y=237,Width=140,Height=200}
2013-07-19 16:33:12.636 WaterfallCollectionViewLayoutDemo[11207:c07] {X=171,Y=337,Width=140,Height=100}
2013-07-19 16:33:12.637 WaterfallCollectionViewLayoutDemo[11207:c07] {X=9,Y=459,Width=140,Height=84}
2013-07-19 16:33:12.640 WaterfallCollectionViewLayoutDemo[11207:c07] {X=171,Y=459,Width=140,Height=84}
2013-07-19 16:33:12.640 WaterfallCollectionViewLayoutDemo[11207:c07] Largest Index: 0
2013-07-19 16:33:12.642 WaterfallCollectionViewLayoutDemo[11207:c07] InterItemSpacing: 22
2013-07-19 16:33:12.642 WaterfallCollectionViewLayoutDemo[11207:c07] Item Count 7
2013-07-19 16:33:12.643 WaterfallCollectionViewLayoutDemo[11207:c07] SetupSectionInsets: 0
2013-07-19 16:33:12.644 WaterfallCollectionViewLayoutDemo[11207:c07] SetupSectionInsets: 1
2013-07-19 16:33:12.644 WaterfallCollectionViewLayoutDemo[11207:c07] HeightForItem 84
2013-07-19 16:33:12.645 WaterfallCollectionViewLayoutDemo[11207:c07] Shortest Index: 14
2013-07-19 16:33:12.646 WaterfallCollectionViewLayoutDemo[11207:c07] Added attribute in PlaceItem: {X=2277,Y=9,Width=140,Height=84}
2013-07-19 16:33:12.646 WaterfallCollectionViewLayoutDemo[11207:c07] HeightForItem 200
2013-07-19 16:33:12.647 WaterfallCollectionViewLayoutDemo[11207:c07] Shortest Index: 15
2013-07-19 16:33:12.647 WaterfallCollectionViewLayoutDemo[11207:c07] Added attribute in PlaceItem: {X=2439,Y=9,Width=140,Height=200}
2013-07-19 16:33:12.648 WaterfallCollectionViewLayoutDemo[11207:c07] HeightForItem 100
2013-07-19 16:33:12.648 WaterfallCollectionViewLayoutDemo[11207:c07] Shortest Index: 14
2013-07-19 16:33:12.649 WaterfallCollectionViewLayoutDemo[11207:c07] Added attribute in PlaceItem: {X=2277,Y=115,Width=140,Height=100}
2013-07-19 16:33:12.650 WaterfallCollectionViewLayoutDemo[11207:c07] HeightForItem 84
2013-07-19 16:33:12.651 WaterfallCollectionViewLayoutDemo[11207:c07] Shortest Index: 15
2013-07-19 16:33:12.651 WaterfallCollectionViewLayoutDemo[11207:c07] Added attribute in PlaceItem: {X=2439,Y=231,Width=140,Height=84}
2013-07-19 16:33:12.652 WaterfallCollectionViewLayoutDemo[11207:c07] HeightForItem 200
2013-07-19 16:33:12.652 WaterfallCollectionViewLayoutDemo[11207:c07] Shortest Index: 14
2013-07-19 16:33:12.653 WaterfallCollectionViewLayoutDemo[11207:c07] Added attribute in PlaceItem: {X=2277,Y=237,Width=140,Height=200}
2013-07-19 16:33:12.653 WaterfallCollectionViewLayoutDemo[11207:c07] HeightForItem 100
2013-07-19 16:33:12.654 WaterfallCollectionViewLayoutDemo[11207:c07] Shortest Index: 15
2013-07-19 16:33:12.655 WaterfallCollectionViewLayoutDemo[11207:c07] Added attribute in PlaceItem: {X=2439,Y=337,Width=140,Height=100}
2013-07-19 16:33:12.655 WaterfallCollectionViewLayoutDemo[11207:c07] HeightForItem 84
2013-07-19 16:33:12.656 WaterfallCollectionViewLayoutDemo[11207:c07] Shortest Index: 7
2013-07-19 16:33:12.657 WaterfallCollectionViewLayoutDemo[11207:c07] Added attribute in PlaceItem: {X=1143,Y=459,Width=140,Height=84}
2013-07-19 16:33:12.657 WaterfallCollectionViewLayoutDemo[11207:c07] Largest Index: 0
2013-07-19 16:33:12.658 WaterfallCollectionViewLayoutDemo[11207:c07] FindItemAttributes TRUE
2013-07-19 16:33:12.658 WaterfallCollectionViewLayoutDemo[11207:c07] FindItemAttributes TRUE
2013-07-19 16:33:12.659 WaterfallCollectionViewLayoutDemo[11207:c07] FindItemAttributes TRUE
2013-07-19 16:33:12.659 WaterfallCollectionViewLayoutDemo[11207:c07] FindItemAttributes TRUE
2013-07-19 16:33:12.660 WaterfallCollectionViewLayoutDemo[11207:c07] FindItemAttributes TRUE
2013-07-19 16:33:12.661 WaterfallCollectionViewLayoutDemo[11207:c07] FindItemAttributes TRUE
2013-07-19 16:33:12.661 WaterfallCollectionViewLayoutDemo[11207:c07] FindItemAttributes TRUE
2013-07-19 16:33:12.662 WaterfallCollectionViewLayoutDemo[11207:c07] FindItemAttributes FALSE
2013-07-19 16:33:12.662 WaterfallCollectionViewLayoutDemo[11207:c07] FindItemAttributes FALSE
2013-07-19 16:33:12.663 WaterfallCollectionViewLayoutDemo[11207:c07] FindItemAttributes FALSE
2013-07-19 16:33:12.663 WaterfallCollectionViewLayoutDemo[11207:c07] FindItemAttributes FALSE
2013-07-19 16:33:12.664 WaterfallCollectionViewLayoutDemo[11207:c07] FindItemAttributes FALSE
2013-07-19 16:33:12.664 WaterfallCollectionViewLayoutDemo[11207:c07] FindItemAttributes FALSE
2013-07-19 16:33:12.665 WaterfallCollectionViewLayoutDemo[11207:c07] FindItemAttributes TRUE
2013-07-19 16:33:12.665 WaterfallCollectionViewLayoutDemo[11207:c07] FindItemAttributes FALSE
2013-07-19 16:33:12.666 WaterfallCollectionViewLayoutDemo[11207:c07] FindItemAttributes FALSE
2013-07-19 16:33:12.666 WaterfallCollectionViewLayoutDemo[11207:c07] FindItemAttributes FALSE
2013-07-19 16:33:12.668 WaterfallCollectionViewLayoutDemo[11207:c07] FindItemAttributes FALSE
2013-07-19 16:33:12.668 WaterfallCollectionViewLayoutDemo[11207:c07] FindItemAttributes FALSE
2013-07-19 16:33:12.669 WaterfallCollectionViewLayoutDemo[11207:c07] FindItemAttributes FALSE
2013-07-19 16:33:12.669 WaterfallCollectionViewLayoutDemo[11207:c07] FindItemAttributes FALSE
2013-07-19 16:33:12.670 WaterfallCollectionViewLayoutDemo[11207:c07] FindItemAttributes FALSE
2013-07-19 16:33:12.670 WaterfallCollectionViewLayoutDemo[11207:c07] FindItemAttributes FALSE
2013-07-19 16:33:12.671 WaterfallCollectionViewLayoutDemo[11207:c07] FindItemAttributes FALSE
2013-07-19 16:33:12.672 WaterfallCollectionViewLayoutDemo[11207:c07] FindItemAttributes FALSE
2013-07-19 16:33:12.673 WaterfallCollectionViewLayoutDemo[11207:c07] FindItemAttributes FALSE
2013-07-19 16:33:12.674 WaterfallCollectionViewLayoutDemo[11207:c07] FindItemAttributes FALSE
2013-07-19 16:33:12.674 WaterfallCollectionViewLayoutDemo[11207:c07] FindItemAttributes FALSE
2013-07-19 16:33:12.675 WaterfallCollectionViewLayoutDemo[11207:c07] FindItemAttributes FALSE
2013-07-19 16:33:12.675 WaterfallCollectionViewLayoutDemo[11207:c07] FindItemAttributes FALSE
2013-07-19 16:33:12.676 WaterfallCollectionViewLayoutDemo[11207:c07] FindItemAttributes FALSE
2013-07-19 16:33:12.677 WaterfallCollectionViewLayoutDemo[11207:c07] FindItemAttributes FALSE
2013-07-19 16:33:12.677 WaterfallCollectionViewLayoutDemo[11207:c07] FindItemAttributes FALSE
2013-07-19 16:33:12.678 WaterfallCollectionViewLayoutDemo[11207:c07] FindItemAttributes FALSE
2013-07-19 16:33:12.678 WaterfallCollectionViewLayoutDemo[11207:c07] FindItemAttributes FALSE
2013-07-19 16:33:12.679 WaterfallCollectionViewLayoutDemo[11207:c07] FindItemAttributes FALSE
2013-07-19 16:33:12.679 WaterfallCollectionViewLayoutDemo[11207:c07] FindItemAttributes FALSE
2013-07-19 16:33:12.680 WaterfallCollectionViewLayoutDemo[11207:c07] FindItemAttributes FALSE
2013-07-19 16:33:12.680 WaterfallCollectionViewLayoutDemo[11207:c07] FindItemAttributes FALSE
2013-07-19 16:33:12.681 WaterfallCollectionViewLayoutDemo[11207:c07] FindItemAttributes FALSE
2013-07-19 16:33:12.681 WaterfallCollectionViewLayoutDemo[11207:c07] FindItemAttributes FALSE
2013-07-19 16:33:12.682 WaterfallCollectionViewLayoutDemo[11207:c07] FindItemAttributes FALSE
2013-07-19 16:33:12.682 WaterfallCollectionViewLayoutDemo[11207:c07] FindItemAttributes FALSE
2013-07-19 16:33:12.683 WaterfallCollectionViewLayoutDemo[11207:c07] FindItemAttributes FALSE
2013-07-19 16:33:12.684 WaterfallCollectionViewLayoutDemo[11207:c07] FindItemAttributes FALSE
2013-07-19 16:33:12.685 WaterfallCollectionViewLayoutDemo[11207:c07] FindItemAttributes FALSE
2013-07-19 16:33:12.685 WaterfallCollectionViewLayoutDemo[11207:c07] FindItemAttributes FALSE
2013-07-19 16:33:12.686 WaterfallCollectionViewLayoutDemo[11207:c07] FindItemAttributes FALSE
2013-07-19 16:33:12.687 WaterfallCollectionViewLayoutDemo[11207:c07] FindItemAttributes FALSE
2013-07-19 16:33:12.688 WaterfallCollectionViewLayoutDemo[11207:c07] FindItemAttributes FALSE
2013-07-19 16:33:12.688 WaterfallCollectionViewLayoutDemo[11207:c07] FindItemAttributes FALSE
2013-07-19 16:33:12.689 WaterfallCollectionViewLayoutDemo[11207:c07] FindItemAttributes FALSE
2013-07-19 16:33:12.690 WaterfallCollectionViewLayoutDemo[11207:c07] FindItemAttributes FALSE
2013-07-19 16:33:12.690 WaterfallCollectionViewLayoutDemo[11207:c07] FindItemAttributes FALSE
2013-07-19 16:33:12.691 WaterfallCollectionViewLayoutDemo[11207:c07] FindItemAttributes FALSE
2013-07-19 16:33:12.691 WaterfallCollectionViewLayoutDemo[11207:c07] FindItemAttributes FALSE
2013-07-19 16:33:12.692 WaterfallCollectionViewLayoutDemo[11207:c07] {X=9,Y=9,Width=140,Height=84}
2013-07-19 16:33:12.692 WaterfallCollectionViewLayoutDemo[11207:c07] {X=171,Y=9,Width=140,Height=200}
2013-07-19 16:33:12.693 WaterfallCollectionViewLayoutDemo[11207:c07] {X=9,Y=115,Width=140,Height=100}
2013-07-19 16:33:12.694 WaterfallCollectionViewLayoutDemo[11207:c07] {X=171,Y=231,Width=140,Height=84}
2013-07-19 16:33:12.694 WaterfallCollectionViewLayoutDemo[11207:c07] {X=9,Y=237,Width=140,Height=200}
2013-07-19 16:33:12.695 WaterfallCollectionViewLayoutDemo[11207:c07] {X=171,Y=337,Width=140,Height=100}
2013-07-19 16:33:12.696 WaterfallCollectionViewLayoutDemo[11207:c07] {X=9,Y=459,Width=140,Height=84}
2013-07-19 16:33:12.697 WaterfallCollectionViewLayoutDemo[11207:c07] {X=171,Y=459,Width=140,Height=84}
2013-07-19 16:33:12.697 WaterfallCollectionViewLayoutDemo[11207:c07] Largest Index: 0
2013-07-19 16:33:12.698 WaterfallCollectionViewLayoutDemo[11207:c07] InterItemSpacing: 22
2013-07-19 16:33:12.699 WaterfallCollectionViewLayoutDemo[11207:c07] Item Count 7
2013-07-19 16:33:12.700 WaterfallCollectionViewLayoutDemo[11207:c07] SetupSectionInsets: 0
2013-07-19 16:33:12.701 WaterfallCollectionViewLayoutDemo[11207:c07] SetupSectionInsets: 1
2013-07-19 16:33:12.702 WaterfallCollectionViewLayoutDemo[11207:c07] HeightForItem 84
2013-07-19 16:33:12.702 WaterfallCollectionViewLayoutDemo[11207:c07] Shortest Index: 16
2013-07-19 16:33:12.704 WaterfallCollectionViewLayoutDemo[11207:c07] Added attribute in PlaceItem: {X=2601,Y=9,Width=140,Height=84}
2013-07-19 16:33:12.705 WaterfallCollectionViewLayoutDemo[11207:c07] HeightForItem 200
2013-07-19 16:33:12.705 WaterfallCollectionViewLayoutDemo[11207:c07] Shortest Index: 17
2013-07-19 16:33:12.706 WaterfallCollectionViewLayoutDemo[11207:c07] Added attribute in PlaceItem: {X=2763,Y=9,Width=140,Height=200}
2013-07-19 16:33:12.707 WaterfallCollectionViewLayoutDemo[11207:c07] HeightForItem 100
2013-07-19 16:33:12.707 WaterfallCollectionViewLayoutDemo[11207:c07] Shortest Index: 16
2013-07-19 16:33:12.708 WaterfallCollectionViewLayoutDemo[11207:c07] Added attribute in PlaceItem: {X=2601,Y=115,Width=140,Height=100}
2013-07-19 16:33:12.708 WaterfallCollectionViewLayoutDemo[11207:c07] HeightForItem 84
2013-07-19 16:33:12.709 WaterfallCollectionViewLayoutDemo[11207:c07] Shortest Index: 17
2013-07-19 16:33:12.710 WaterfallCollectionViewLayoutDemo[11207:c07] Added attribute in PlaceItem: {X=2763,Y=231,Width=140,Height=84}
2013-07-19 16:33:12.710 WaterfallCollectionViewLayoutDemo[11207:c07] HeightForItem 200
2013-07-19 16:33:12.711 WaterfallCollectionViewLayoutDemo[11207:c07] Shortest Index: 16
2013-07-19 16:33:12.711 WaterfallCollectionViewLayoutDemo[11207:c07] Added attribute in PlaceItem: {X=2601,Y=237,Width=140,Height=200}
2013-07-19 16:33:12.712 WaterfallCollectionViewLayoutDemo[11207:c07] HeightForItem 100
2013-07-19 16:33:12.712 WaterfallCollectionViewLayoutDemo[11207:c07] Shortest Index: 17
2013-07-19 16:33:12.713 WaterfallCollectionViewLayoutDemo[11207:c07] Added attribute in PlaceItem: {X=2763,Y=337,Width=140,Height=100}
2013-07-19 16:33:12.713 WaterfallCollectionViewLayoutDemo[11207:c07] HeightForItem 84
2013-07-19 16:33:12.714 WaterfallCollectionViewLayoutDemo[11207:c07] Shortest Index: 8
2013-07-19 16:33:12.714 WaterfallCollectionViewLayoutDemo[11207:c07] Added attribute in PlaceItem: {X=1305,Y=459,Width=140,Height=84}
2013-07-19 16:33:12.715 WaterfallCollectionViewLayoutDemo[11207:c07] Largest Index: 0
2013-07-19 16:33:12.715 WaterfallCollectionViewLayoutDemo[11207:c07] FindItemAttributes TRUE
2013-07-19 16:33:12.716 WaterfallCollectionViewLayoutDemo[11207:c07] FindItemAttributes TRUE
2013-07-19 16:33:12.717 WaterfallCollectionViewLayoutDemo[11207:c07] FindItemAttributes TRUE
2013-07-19 16:33:12.718 WaterfallCollectionViewLayoutDemo[11207:c07] FindItemAttributes TRUE
2013-07-19 16:33:12.718 WaterfallCollectionViewLayoutDemo[11207:c07] FindItemAttributes TRUE
2013-07-19 16:33:12.719 WaterfallCollectionViewLayoutDemo[11207:c07] FindItemAttributes TRUE
2013-07-19 16:33:12.719 WaterfallCollectionViewLayoutDemo[11207:c07] FindItemAttributes TRUE
2013-07-19 16:33:12.720 WaterfallCollectionViewLayoutDemo[11207:c07] FindItemAttributes FALSE
2013-07-19 16:33:12.720 WaterfallCollectionViewLayoutDemo[11207:c07] FindItemAttributes FALSE
2013-07-19 16:33:12.721 WaterfallCollectionViewLayoutDemo[11207:c07] FindItemAttributes FALSE
2013-07-19 16:33:12.721 WaterfallCollectionViewLayoutDemo[11207:c07] FindItemAttributes FALSE
2013-07-19 16:33:12.722 WaterfallCollectionViewLayoutDemo[11207:c07] FindItemAttributes FALSE
2013-07-19 16:33:12.723 WaterfallCollectionViewLayoutDemo[11207:c07] FindItemAttributes FALSE
2013-07-19 16:33:12.723 WaterfallCollectionViewLayoutDemo[11207:c07] FindItemAttributes TRUE
2013-07-19 16:33:12.724 WaterfallCollectionViewLayoutDemo[11207:c07] FindItemAttributes FALSE
2013-07-19 16:33:12.724 WaterfallCollectionViewLayoutDemo[11207:c07] FindItemAttributes FALSE
2013-07-19 16:33:12.725 WaterfallCollectionViewLayoutDemo[11207:c07] FindItemAttributes FALSE
2013-07-19 16:33:12.725 WaterfallCollectionViewLayoutDemo[11207:c07] FindItemAttributes FALSE
2013-07-19 16:33:12.726 WaterfallCollectionViewLayoutDemo[11207:c07] FindItemAttributes FALSE
2013-07-19 16:33:12.726 WaterfallCollectionViewLayoutDemo[11207:c07] FindItemAttributes FALSE
2013-07-19 16:33:12.726 WaterfallCollectionViewLayoutDemo[11207:c07] FindItemAttributes FALSE
2013-07-19 16:33:12.727 WaterfallCollectionViewLayoutDemo[11207:c07] FindItemAttributes FALSE
2013-07-19 16:33:12.727 WaterfallCollectionViewLayoutDemo[11207:c07] FindItemAttributes FALSE
2013-07-19 16:33:12.728 WaterfallCollectionViewLayoutDemo[11207:c07] FindItemAttributes FALSE
2013-07-19 16:33:12.728 WaterfallCollectionViewLayoutDemo[11207:c07] FindItemAttributes FALSE
2013-07-19 16:33:12.729 WaterfallCollectionViewLayoutDemo[11207:c07] FindItemAttributes FALSE
2013-07-19 16:33:12.729 WaterfallCollectionViewLayoutDemo[11207:c07] FindItemAttributes FALSE
2013-07-19 16:33:12.730 WaterfallCollectionViewLayoutDemo[11207:c07] FindItemAttributes FALSE
2013-07-19 16:33:12.731 WaterfallCollectionViewLayoutDemo[11207:c07] FindItemAttributes FALSE
2013-07-19 16:33:12.731 WaterfallCollectionViewLayoutDemo[11207:c07] FindItemAttributes FALSE
2013-07-19 16:33:12.732 WaterfallCollectionViewLayoutDemo[11207:c07] FindItemAttributes FALSE
2013-07-19 16:33:12.732 WaterfallCollectionViewLayoutDemo[11207:c07] FindItemAttributes FALSE
2013-07-19 16:33:12.733 WaterfallCollectionViewLayoutDemo[11207:c07] FindItemAttributes FALSE
2013-07-19 16:33:12.733 WaterfallCollectionViewLayoutDemo[11207:c07] FindItemAttributes FALSE
2013-07-19 16:33:12.734 WaterfallCollectionViewLayoutDemo[11207:c07] FindItemAttributes FALSE
2013-07-19 16:33:12.735 WaterfallCollectionViewLayoutDemo[11207:c07] FindItemAttributes FALSE
2013-07-19 16:33:12.736 WaterfallCollectionViewLayoutDemo[11207:c07] FindItemAttributes FALSE
2013-07-19 16:33:12.736 WaterfallCollectionViewLayoutDemo[11207:c07] FindItemAttributes FALSE
2013-07-19 16:33:12.737 WaterfallCollectionViewLayoutDemo[11207:c07] FindItemAttributes FALSE
2013-07-19 16:33:12.737 WaterfallCollectionViewLayoutDemo[11207:c07] FindItemAttributes FALSE
2013-07-19 16:33:12.738 WaterfallCollectionViewLayoutDemo[11207:c07] FindItemAttributes FALSE
2013-07-19 16:33:12.738 WaterfallCollectionViewLayoutDemo[11207:c07] FindItemAttributes FALSE
2013-07-19 16:33:12.739 WaterfallCollectionViewLayoutDemo[11207:c07] FindItemAttributes FALSE
2013-07-19 16:33:12.740 WaterfallCollectionViewLayoutDemo[11207:c07] FindItemAttributes FALSE
2013-07-19 16:33:12.740 WaterfallCollectionViewLayoutDemo[11207:c07] FindItemAttributes FALSE
2013-07-19 16:33:12.741 WaterfallCollectionViewLayoutDemo[11207:c07] FindItemAttributes FALSE
2013-07-19 16:33:12.741 WaterfallCollectionViewLayoutDemo[11207:c07] FindItemAttributes FALSE
2013-07-19 16:33:12.742 WaterfallCollectionViewLayoutDemo[11207:c07] FindItemAttributes FALSE
2013-07-19 16:33:12.742 WaterfallCollectionViewLayoutDemo[11207:c07] FindItemAttributes FALSE
2013-07-19 16:33:12.743 WaterfallCollectionViewLayoutDemo[11207:c07] FindItemAttributes FALSE
2013-07-19 16:33:12.743 WaterfallCollectionViewLayoutDemo[11207:c07] FindItemAttributes FALSE
2013-07-19 16:33:12.744 WaterfallCollectionViewLayoutDemo[11207:c07] FindItemAttributes FALSE
2013-07-19 16:33:12.745 WaterfallCollectionViewLayoutDemo[11207:c07] FindItemAttributes FALSE
2013-07-19 16:33:12.745 WaterfallCollectionViewLayoutDemo[11207:c07] FindItemAttributes FALSE
2013-07-19 16:33:12.745 WaterfallCollectionViewLayoutDemo[11207:c07] FindItemAttributes FALSE
2013-07-19 16:33:12.746 WaterfallCollectionViewLayoutDemo[11207:c07] FindItemAttributes FALSE
2013-07-19 16:33:12.746 WaterfallCollectionViewLayoutDemo[11207:c07] FindItemAttributes FALSE
2013-07-19 16:33:12.747 WaterfallCollectionViewLayoutDemo[11207:c07] FindItemAttributes FALSE
2013-07-19 16:33:12.747 WaterfallCollectionViewLayoutDemo[11207:c07] FindItemAttributes FALSE
2013-07-19 16:33:12.748 WaterfallCollectionViewLayoutDemo[11207:c07] FindItemAttributes FALSE
2013-07-19 16:33:12.748 WaterfallCollectionViewLayoutDemo[11207:c07] FindItemAttributes FALSE
2013-07-19 16:33:12.749 WaterfallCollectionViewLayoutDemo[11207:c07] FindItemAttributes FALSE
2013-07-19 16:33:12.757 WaterfallCollectionViewLayoutDemo[11207:c07] FindItemAttributes FALSE
2013-07-19 16:33:12.758 WaterfallCollectionViewLayoutDemo[11207:c07] {X=9,Y=9,Width=140,Height=84}
2013-07-19 16:33:12.758 WaterfallCollectionViewLayoutDemo[11207:c07] {X=171,Y=9,Width=140,Height=200}
2013-07-19 16:33:12.759 WaterfallCollectionViewLayoutDemo[11207:c07] {X=9,Y=115,Width=140,Height=100}
2013-07-19 16:33:12.759 WaterfallCollectionViewLayoutDemo[11207:c07] {X=171,Y=231,Width=140,Height=84}
2013-07-19 16:33:12.760 WaterfallCollectionViewLayoutDemo[11207:c07] {X=9,Y=237,Width=140,Height=200}
2013-07-19 16:33:12.761 WaterfallCollectionViewLayoutDemo[11207:c07] {X=171,Y=337,Width=140,Height=100}
2013-07-19 16:33:12.761 WaterfallCollectionViewLayoutDemo[11207:c07] {X=9,Y=459,Width=140,Height=84}
2013-07-19 16:33:12.762 WaterfallCollectionViewLayoutDemo[11207:c07] {X=171,Y=459,Width=140,Height=84}
2013-07-19 16:33:12.762 WaterfallCollectionViewLayoutDemo[11207:c07] Largest Index: 0
2013-07-19 16:33:12.765 WaterfallCollectionViewLayoutDemo[11207:c07] InterItemSpacing: 22
2013-07-19 16:33:12.765 WaterfallCollectionViewLayoutDemo[11207:c07] Item Count 7
2013-07-19 16:33:12.766 WaterfallCollectionViewLayoutDemo[11207:c07] SetupSectionInsets: 0
2013-07-19 16:33:12.767 WaterfallCollectionViewLayoutDemo[11207:c07] SetupSectionInsets: 1
2013-07-19 16:33:12.768 WaterfallCollectionViewLayoutDemo[11207:c07] HeightForItem 84
2013-07-19 16:33:12.768 WaterfallCollectionViewLayoutDemo[11207:c07] Shortest Index: 18
2013-07-19 16:33:12.769 WaterfallCollectionViewLayoutDemo[11207:c07] Added attribute in PlaceItem: {X=2925,Y=9,Width=140,Height=84}
2013-07-19 16:33:12.769 WaterfallCollectionViewLayoutDemo[11207:c07] HeightForItem 200
2013-07-19 16:33:12.770 WaterfallCollectionViewLayoutDemo[11207:c07] Shortest Index: 19
2013-07-19 16:33:12.770 WaterfallCollectionViewLayoutDemo[11207:c07] Added attribute in PlaceItem: {X=3087,Y=9,Width=140,Height=200}
2013-07-19 16:33:12.771 WaterfallCollectionViewLayoutDemo[11207:c07] HeightForItem 100
2013-07-19 16:33:12.771 WaterfallCollectionViewLayoutDemo[11207:c07] Shortest Index: 18
2013-07-19 16:33:12.772 WaterfallCollectionViewLayoutDemo[11207:c07] Added attribute in PlaceItem: {X=2925,Y=115,Width=140,Height=100}
2013-07-19 16:33:12.772 WaterfallCollectionViewLayoutDemo[11207:c07] HeightForItem 84
2013-07-19 16:33:12.773 WaterfallCollectionViewLayoutDemo[11207:c07] Shortest Index: 19
2013-07-19 16:33:12.774 WaterfallCollectionViewLayoutDemo[11207:c07] Added attribute in PlaceItem: {X=3087,Y=231,Width=140,Height=84}
2013-07-19 16:33:12.774 WaterfallCollectionViewLayoutDemo[11207:c07] HeightForItem 200
2013-07-19 16:33:12.775 WaterfallCollectionViewLayoutDemo[11207:c07] Shortest Index: 18
2013-07-19 16:33:12.775 WaterfallCollectionViewLayoutDemo[11207:c07] Added attribute in PlaceItem: {X=2925,Y=237,Width=140,Height=200}
2013-07-19 16:33:12.776 WaterfallCollectionViewLayoutDemo[11207:c07] HeightForItem 100
2013-07-19 16:33:12.776 WaterfallCollectionViewLayoutDemo[11207:c07] Shortest Index: 19
2013-07-19 16:33:12.776 WaterfallCollectionViewLayoutDemo[11207:c07] Added attribute in PlaceItem: {X=3087,Y=337,Width=140,Height=100}
2013-07-19 16:33:12.777 WaterfallCollectionViewLayoutDemo[11207:c07] HeightForItem 84
2013-07-19 16:33:12.777 WaterfallCollectionViewLayoutDemo[11207:c07] Shortest Index: 9
2013-07-19 16:33:12.778 WaterfallCollectionViewLayoutDemo[11207:c07] Added attribute in PlaceItem: {X=1467,Y=459,Width=140,Height=84}
2013-07-19 16:33:12.778 WaterfallCollectionViewLayoutDemo[11207:c07] Largest Index: 0
2013-07-19 16:33:12.778 WaterfallCollectionViewLayoutDemo[11207:c07] FindItemAttributes TRUE
2013-07-19 16:33:12.779 WaterfallCollectionViewLayoutDemo[11207:c07] FindItemAttributes TRUE
2013-07-19 16:33:12.779 WaterfallCollectionViewLayoutDemo[11207:c07] FindItemAttributes TRUE
2013-07-19 16:33:12.780 WaterfallCollectionViewLayoutDemo[11207:c07] FindItemAttributes TRUE
2013-07-19 16:33:12.780 WaterfallCollectionViewLayoutDemo[11207:c07] FindItemAttributes TRUE
2013-07-19 16:33:12.780 WaterfallCollectionViewLayoutDemo[11207:c07] FindItemAttributes TRUE
2013-07-19 16:33:12.781 WaterfallCollectionViewLayoutDemo[11207:c07] FindItemAttributes TRUE
2013-07-19 16:33:12.781 WaterfallCollectionViewLayoutDemo[11207:c07] FindItemAttributes FALSE
2013-07-19 16:33:12.782 WaterfallCollectionViewLayoutDemo[11207:c07] FindItemAttributes FALSE
2013-07-19 16:33:12.782 WaterfallCollectionViewLayoutDemo[11207:c07] FindItemAttributes FALSE
2013-07-19 16:33:12.782 WaterfallCollectionViewLayoutDemo[11207:c07] FindItemAttributes FALSE
2013-07-19 16:33:12.783 WaterfallCollectionViewLayoutDemo[11207:c07] FindItemAttributes FALSE
2013-07-19 16:33:12.783 WaterfallCollectionViewLayoutDemo[11207:c07] FindItemAttributes FALSE
2013-07-19 16:33:12.784 WaterfallCollectionViewLayoutDemo[11207:c07] FindItemAttributes TRUE
2013-07-19 16:33:12.784 WaterfallCollectionViewLayoutDemo[11207:c07] FindItemAttributes FALSE
2013-07-19 16:33:12.785 WaterfallCollectionViewLayoutDemo[11207:c07] FindItemAttributes FALSE
2013-07-19 16:33:12.785 WaterfallCollectionViewLayoutDemo[11207:c07] FindItemAttributes FALSE
2013-07-19 16:33:12.786 WaterfallCollectionViewLayoutDemo[11207:c07] FindItemAttributes FALSE
2013-07-19 16:33:12.786 WaterfallCollectionViewLayoutDemo[11207:c07] FindItemAttributes FALSE
2013-07-19 16:33:12.786 WaterfallCollectionViewLayoutDemo[11207:c07] FindItemAttributes FALSE
2013-07-19 16:33:12.787 WaterfallCollectionViewLayoutDemo[11207:c07] FindItemAttributes FALSE
2013-07-19 16:33:12.787 WaterfallCollectionViewLayoutDemo[11207:c07] FindItemAttributes FALSE
2013-07-19 16:33:12.788 WaterfallCollectionViewLayoutDemo[11207:c07] FindItemAttributes FALSE
2013-07-19 16:33:12.788 WaterfallCollectionViewLayoutDemo[11207:c07] FindItemAttributes FALSE
2013-07-19 16:33:12.789 WaterfallCollectionViewLayoutDemo[11207:c07] FindItemAttributes FALSE
2013-07-19 16:33:12.789 WaterfallCollectionViewLayoutDemo[11207:c07] FindItemAttributes FALSE
2013-07-19 16:33:12.790 WaterfallCollectionViewLayoutDemo[11207:c07] FindItemAttributes FALSE
2013-07-19 16:33:12.790 WaterfallCollectionViewLayoutDemo[11207:c07] FindItemAttributes FALSE
2013-07-19 16:33:12.790 WaterfallCollectionViewLayoutDemo[11207:c07] FindItemAttributes FALSE
2013-07-19 16:33:12.791 WaterfallCollectionViewLayoutDemo[11207:c07] FindItemAttributes FALSE
2013-07-19 16:33:12.791 WaterfallCollectionViewLayoutDemo[11207:c07] FindItemAttributes FALSE
2013-07-19 16:33:12.792 WaterfallCollectionViewLayoutDemo[11207:c07] FindItemAttributes FALSE
2013-07-19 16:33:12.792 WaterfallCollectionViewLayoutDemo[11207:c07] FindItemAttributes FALSE
2013-07-19 16:33:12.792 WaterfallCollectionViewLayoutDemo[11207:c07] FindItemAttributes FALSE
2013-07-19 16:33:12.793 WaterfallCollectionViewLayoutDemo[11207:c07] FindItemAttributes FALSE
2013-07-19 16:33:12.793 WaterfallCollectionViewLayoutDemo[11207:c07] FindItemAttributes FALSE
2013-07-19 16:33:12.793 WaterfallCollectionViewLayoutDemo[11207:c07] FindItemAttributes FALSE
2013-07-19 16:33:12.794 WaterfallCollectionViewLayoutDemo[11207:c07] FindItemAttributes FALSE
2013-07-19 16:33:12.794 WaterfallCollectionViewLayoutDemo[11207:c07] FindItemAttributes FALSE
2013-07-19 16:33:12.794 WaterfallCollectionViewLayoutDemo[11207:c07] FindItemAttributes FALSE
2013-07-19 16:33:12.795 WaterfallCollectionViewLayoutDemo[11207:c07] FindItemAttributes FALSE
2013-07-19 16:33:12.795 WaterfallCollectionViewLayoutDemo[11207:c07] FindItemAttributes FALSE
2013-07-19 16:33:12.796 WaterfallCollectionViewLayoutDemo[11207:c07] FindItemAttributes FALSE
2013-07-19 16:33:12.796 WaterfallCollectionViewLayoutDemo[11207:c07] FindItemAttributes FALSE
2013-07-19 16:33:12.797 WaterfallCollectionViewLayoutDemo[11207:c07] FindItemAttributes FALSE
2013-07-19 16:33:12.797 WaterfallCollectionViewLayoutDemo[11207:c07] FindItemAttributes FALSE
2013-07-19 16:33:12.798 WaterfallCollectionViewLayoutDemo[11207:c07] FindItemAttributes FALSE
2013-07-19 16:33:12.798 WaterfallCollectionViewLayoutDemo[11207:c07] FindItemAttributes FALSE
2013-07-19 16:33:12.799 WaterfallCollectionViewLayoutDemo[11207:c07] FindItemAttributes FALSE
2013-07-19 16:33:12.799 WaterfallCollectionViewLayoutDemo[11207:c07] FindItemAttributes FALSE
2013-07-19 16:33:12.800 WaterfallCollectionViewLayoutDemo[11207:c07] FindItemAttributes FALSE
2013-07-19 16:33:12.800 WaterfallCollectionViewLayoutDemo[11207:c07] FindItemAttributes FALSE
2013-07-19 16:33:12.802 WaterfallCollectionViewLayoutDemo[11207:c07] FindItemAttributes FALSE
2013-07-19 16:33:12.802 WaterfallCollectionViewLayoutDemo[11207:c07] FindItemAttributes FALSE
2013-07-19 16:33:12.803 WaterfallCollectionViewLayoutDemo[11207:c07] FindItemAttributes FALSE
2013-07-19 16:33:12.803 WaterfallCollectionViewLayoutDemo[11207:c07] FindItemAttributes FALSE
2013-07-19 16:33:12.804 WaterfallCollectionViewLayoutDemo[11207:c07] FindItemAttributes FALSE
2013-07-19 16:33:12.804 WaterfallCollectionViewLayoutDemo[11207:c07] FindItemAttributes FALSE
2013-07-19 16:33:12.805 WaterfallCollectionViewLayoutDemo[11207:c07] FindItemAttributes FALSE
2013-07-19 16:33:12.805 WaterfallCollectionViewLayoutDemo[11207:c07] FindItemAttributes FALSE
2013-07-19 16:33:12.806 WaterfallCollectionViewLayoutDemo[11207:c07] FindItemAttributes FALSE
2013-07-19 16:33:12.806 WaterfallCollectionViewLayoutDemo[11207:c07] FindItemAttributes FALSE
2013-07-19 16:33:12.806 WaterfallCollectionViewLayoutDemo[11207:c07] FindItemAttributes FALSE
2013-07-19 16:33:12.807 WaterfallCollectionViewLayoutDemo[11207:c07] FindItemAttributes FALSE
2013-07-19 16:33:12.807 WaterfallCollectionViewLayoutDemo[11207:c07] FindItemAttributes FALSE
2013-07-19 16:33:12.808 WaterfallCollectionViewLayoutDemo[11207:c07] FindItemAttributes FALSE
2013-07-19 16:33:12.808 WaterfallCollectionViewLayoutDemo[11207:c07] FindItemAttributes FALSE
2013-07-19 16:33:12.808 WaterfallCollectionViewLayoutDemo[11207:c07] FindItemAttributes FALSE
2013-07-19 16:33:12.809 WaterfallCollectionViewLayoutDemo[11207:c07] FindItemAttributes FALSE
2013-07-19 16:33:12.809 WaterfallCollectionViewLayoutDemo[11207:c07] FindItemAttributes FALSE
2013-07-19 16:33:12.810 WaterfallCollectionViewLayoutDemo[11207:c07] {X=9,Y=9,Width=140,Height=84}
2013-07-19 16:33:12.810 WaterfallCollectionViewLayoutDemo[11207:c07] {X=171,Y=9,Width=140,Height=200}
2013-07-19 16:33:12.810 WaterfallCollectionViewLayoutDemo[11207:c07] {X=9,Y=115,Width=140,Height=100}
2013-07-19 16:33:12.811 WaterfallCollectionViewLayoutDemo[11207:c07] {X=171,Y=231,Width=140,Height=84}
2013-07-19 16:33:12.811 WaterfallCollectionViewLayoutDemo[11207:c07] {X=9,Y=237,Width=140,Height=200}
2013-07-19 16:33:12.811 WaterfallCollectionViewLayoutDemo[11207:c07] {X=171,Y=337,Width=140,Height=100}
2013-07-19 16:33:12.812 WaterfallCollectionViewLayoutDemo[11207:c07] {X=9,Y=459,Width=140,Height=84}
2013-07-19 16:33:12.812 WaterfallCollectionViewLayoutDemo[11207:c07] {X=171,Y=459,Width=140,Height=84}
2013-07-19 16:33:12.813 WaterfallCollectionViewLayoutDemo[11207:c07] Largest Index: 0
2013-07-19 16:33:12.814 WaterfallCollectionViewLayoutDemo[11207:c07] InterItemSpacing: 22
2013-07-19 16:33:12.814 WaterfallCollectionViewLayoutDemo[11207:c07] Item Count 7
2013-07-19 16:33:12.814 WaterfallCollectionViewLayoutDemo[11207:c07] SetupSectionInsets: 0
2013-07-19 16:33:12.815 WaterfallCollectionViewLayoutDemo[11207:c07] SetupSectionInsets: 1
2013-07-19 16:33:12.815 WaterfallCollectionViewLayoutDemo[11207:c07] HeightForItem 84
2013-07-19 16:33:12.816 WaterfallCollectionViewLayoutDemo[11207:c07] Shortest Index: 20
2013-07-19 16:33:12.816 WaterfallCollectionViewLayoutDemo[11207:c07] Added attribute in PlaceItem: {X=3249,Y=9,Width=140,Height=84}
2013-07-19 16:33:12.817 WaterfallCollectionViewLayoutDemo[11207:c07] HeightForItem 200
2013-07-19 16:33:12.817 WaterfallCollectionViewLayoutDemo[11207:c07] Shortest Index: 21
2013-07-19 16:33:12.818 WaterfallCollectionViewLayoutDemo[11207:c07] Added attribute in PlaceItem: {X=3411,Y=9,Width=140,Height=200}
2013-07-19 16:33:12.818 WaterfallCollectionViewLayoutDemo[11207:c07] HeightForItem 100
2013-07-19 16:33:12.819 WaterfallCollectionViewLayoutDemo[11207:c07] Shortest Index: 20
2013-07-19 16:33:12.819 WaterfallCollectionViewLayoutDemo[11207:c07] Added attribute in PlaceItem: {X=3249,Y=115,Width=140,Height=100}
2013-07-19 16:33:12.820 WaterfallCollectionViewLayoutDemo[11207:c07] HeightForItem 84
2013-07-19 16:33:12.820 WaterfallCollectionViewLayoutDemo[11207:c07] Shortest Index: 21
2013-07-19 16:33:12.821 WaterfallCollectionViewLayoutDemo[11207:c07] Added attribute in PlaceItem: {X=3411,Y=231,Width=140,Height=84}
2013-07-19 16:33:12.821 WaterfallCollectionViewLayoutDemo[11207:c07] HeightForItem 200
2013-07-19 16:33:12.821 WaterfallCollectionViewLayoutDemo[11207:c07] Shortest Index: 20
2013-07-19 16:33:12.822 WaterfallCollectionViewLayoutDemo[11207:c07] Added attribute in PlaceItem: {X=3249,Y=237,Width=140,Height=200}
2013-07-19 16:33:12.822 WaterfallCollectionViewLayoutDemo[11207:c07] HeightForItem 100
2013-07-19 16:33:12.823 WaterfallCollectionViewLayoutDemo[11207:c07] Shortest Index: 21
2013-07-19 16:33:12.823 WaterfallCollectionViewLayoutDemo[11207:c07] Added attribute in PlaceItem: {X=3411,Y=337,Width=140,Height=100}
2013-07-19 16:33:12.824 WaterfallCollectionViewLayoutDemo[11207:c07] HeightForItem 84
2013-07-19 16:33:12.824 WaterfallCollectionViewLayoutDemo[11207:c07] Shortest Index: 10
2013-07-19 16:33:12.824 WaterfallCollectionViewLayoutDemo[11207:c07] Added attribute in PlaceItem: {X=1629,Y=459,Width=140,Height=84}
2013-07-19 16:33:12.825 WaterfallCollectionViewLayoutDemo[11207:c07] Largest Index: 0
2013-07-19 16:33:12.825 WaterfallCollectionViewLayoutDemo[11207:c07] FindItemAttributes TRUE
2013-07-19 16:33:12.826 WaterfallCollectionViewLayoutDemo[11207:c07] FindItemAttributes TRUE
2013-07-19 16:33:12.826 WaterfallCollectionViewLayoutDemo[11207:c07] FindItemAttributes TRUE
2013-07-19 16:33:12.826 WaterfallCollectionViewLayoutDemo[11207:c07] FindItemAttributes TRUE
2013-07-19 16:33:12.827 WaterfallCollectionViewLayoutDemo[11207:c07] FindItemAttributes TRUE
2013-07-19 16:33:12.827 WaterfallCollectionViewLayoutDemo[11207:c07] FindItemAttributes TRUE
2013-07-19 16:33:12.827 WaterfallCollectionViewLayoutDemo[11207:c07] FindItemAttributes TRUE
2013-07-19 16:33:12.828 WaterfallCollectionViewLayoutDemo[11207:c07] FindItemAttributes FALSE
2013-07-19 16:33:12.828 WaterfallCollectionViewLayoutDemo[11207:c07] FindItemAttributes FALSE
2013-07-19 16:33:12.829 WaterfallCollectionViewLayoutDemo[11207:c07] FindItemAttributes FALSE
2013-07-19 16:33:12.829 WaterfallCollectionViewLayoutDemo[11207:c07] FindItemAttributes FALSE
2013-07-19 16:33:12.830 WaterfallCollectionViewLayoutDemo[11207:c07] FindItemAttributes FALSE
2013-07-19 16:33:12.830 WaterfallCollectionViewLayoutDemo[11207:c07] FindItemAttributes FALSE
2013-07-19 16:33:12.831 WaterfallCollectionViewLayoutDemo[11207:c07] FindItemAttributes TRUE
2013-07-19 16:33:12.831 WaterfallCollectionViewLayoutDemo[11207:c07] FindItemAttributes FALSE
2013-07-19 16:33:12.832 WaterfallCollectionViewLayoutDemo[11207:c07] FindItemAttributes FALSE
2013-07-19 16:33:12.832 WaterfallCollectionViewLayoutDemo[11207:c07] FindItemAttributes FALSE
2013-07-19 16:33:12.833 WaterfallCollectionViewLayoutDemo[11207:c07] FindItemAttributes FALSE
2013-07-19 16:33:12.833 WaterfallCollectionViewLayoutDemo[11207:c07] FindItemAttributes FALSE
2013-07-19 16:33:12.834 WaterfallCollectionViewLayoutDemo[11207:c07] FindItemAttributes FALSE
2013-07-19 16:33:12.835 WaterfallCollectionViewLayoutDemo[11207:c07] FindItemAttributes FALSE
2013-07-19 16:33:12.835 WaterfallCollectionViewLayoutDemo[11207:c07] FindItemAttributes FALSE
2013-07-19 16:33:12.836 WaterfallCollectionViewLayoutDemo[11207:c07] FindItemAttributes FALSE
2013-07-19 16:33:12.836 WaterfallCollectionViewLayoutDemo[11207:c07] FindItemAttributes FALSE
2013-07-19 16:33:12.837 WaterfallCollectionViewLayoutDemo[11207:c07] FindItemAttributes FALSE
2013-07-19 16:33:12.838 WaterfallCollectionViewLayoutDemo[11207:c07] FindItemAttributes FALSE
2013-07-19 16:33:12.838 WaterfallCollectionViewLayoutDemo[11207:c07] FindItemAttributes FALSE
2013-07-19 16:33:12.839 WaterfallCollectionViewLayoutDemo[11207:c07] FindItemAttributes FALSE
2013-07-19 16:33:12.840 WaterfallCollectionViewLayoutDemo[11207:c07] FindItemAttributes FALSE
2013-07-19 16:33:12.840 WaterfallCollectionViewLayoutDemo[11207:c07] FindItemAttributes FALSE
2013-07-19 16:33:12.841 WaterfallCollectionViewLayoutDemo[11207:c07] FindItemAttributes FALSE
2013-07-19 16:33:12.841 WaterfallCollectionViewLayoutDemo[11207:c07] FindItemAttributes FALSE
2013-07-19 16:33:12.842 WaterfallCollectionViewLayoutDemo[11207:c07] FindItemAttributes FALSE
2013-07-19 16:33:12.842 WaterfallCollectionViewLayoutDemo[11207:c07] FindItemAttributes FALSE
2013-07-19 16:33:12.843 WaterfallCollectionViewLayoutDemo[11207:c07] FindItemAttributes FALSE
2013-07-19 16:33:12.843 WaterfallCollectionViewLayoutDemo[11207:c07] FindItemAttributes FALSE
2013-07-19 16:33:12.844 WaterfallCollectionViewLayoutDemo[11207:c07] FindItemAttributes FALSE
2013-07-19 16:33:12.844 WaterfallCollectionViewLayoutDemo[11207:c07] FindItemAttributes FALSE
2013-07-19 16:33:12.845 WaterfallCollectionViewLayoutDemo[11207:c07] FindItemAttributes FALSE
2013-07-19 16:33:12.845 WaterfallCollectionViewLayoutDemo[11207:c07] FindItemAttributes FALSE
2013-07-19 16:33:12.846 WaterfallCollectionViewLayoutDemo[11207:c07] FindItemAttributes FALSE
2013-07-19 16:33:12.846 WaterfallCollectionViewLayoutDemo[11207:c07] FindItemAttributes FALSE
2013-07-19 16:33:12.847 WaterfallCollectionViewLayoutDemo[11207:c07] FindItemAttributes FALSE
2013-07-19 16:33:12.847 WaterfallCollectionViewLayoutDemo[11207:c07] FindItemAttributes FALSE
2013-07-19 16:33:12.847 WaterfallCollectionViewLayoutDemo[11207:c07] FindItemAttributes FALSE
2013-07-19 16:33:12.848 WaterfallCollectionViewLayoutDemo[11207:c07] FindItemAttributes FALSE
2013-07-19 16:33:12.848 WaterfallCollectionViewLayoutDemo[11207:c07] FindItemAttributes FALSE
2013-07-19 16:33:12.849 WaterfallCollectionViewLayoutDemo[11207:c07] FindItemAttributes FALSE
2013-07-19 16:33:12.849 WaterfallCollectionViewLayoutDemo[11207:c07] FindItemAttributes FALSE
2013-07-19 16:33:12.850 WaterfallCollectionViewLayoutDemo[11207:c07] FindItemAttributes FALSE
2013-07-19 16:33:12.850 WaterfallCollectionViewLayoutDemo[11207:c07] FindItemAttributes FALSE
2013-07-19 16:33:12.851 WaterfallCollectionViewLayoutDemo[11207:c07] FindItemAttributes FALSE
2013-07-19 16:33:12.851 WaterfallCollectionViewLayoutDemo[11207:c07] FindItemAttributes FALSE
2013-07-19 16:33:12.852 WaterfallCollectionViewLayoutDemo[11207:c07] FindItemAttributes FALSE
2013-07-19 16:33:12.853 WaterfallCollectionViewLayoutDemo[11207:c07] FindItemAttributes FALSE
2013-07-19 16:33:12.853 WaterfallCollectionViewLayoutDemo[11207:c07] FindItemAttributes FALSE
2013-07-19 16:33:12.854 WaterfallCollectionViewLayoutDemo[11207:c07] FindItemAttributes FALSE
2013-07-19 16:33:12.854 WaterfallCollectionViewLayoutDemo[11207:c07] FindItemAttributes FALSE
2013-07-19 16:33:12.855 WaterfallCollectionViewLayoutDemo[11207:c07] FindItemAttributes FALSE
2013-07-19 16:33:12.855 WaterfallCollectionViewLayoutDemo[11207:c07] FindItemAttributes FALSE
2013-07-19 16:33:12.856 WaterfallCollectionViewLayoutDemo[11207:c07] FindItemAttributes FALSE
2013-07-19 16:33:12.857 WaterfallCollectionViewLayoutDemo[11207:c07] FindItemAttributes FALSE
2013-07-19 16:33:12.857 WaterfallCollectionViewLayoutDemo[11207:c07] FindItemAttributes FALSE
2013-07-19 16:33:12.857 WaterfallCollectionViewLayoutDemo[11207:c07] FindItemAttributes FALSE
2013-07-19 16:33:12.858 WaterfallCollectionViewLayoutDemo[11207:c07] FindItemAttributes FALSE
2013-07-19 16:33:12.858 WaterfallCollectionViewLayoutDemo[11207:c07] FindItemAttributes FALSE
2013-07-19 16:33:12.859 WaterfallCollectionViewLayoutDemo[11207:c07] FindItemAttributes FALSE
2013-07-19 16:33:12.859 WaterfallCollectionViewLayoutDemo[11207:c07] FindItemAttributes FALSE
2013-07-19 16:33:12.859 WaterfallCollectionViewLayoutDemo[11207:c07] FindItemAttributes FALSE
2013-07-19 16:33:12.860 WaterfallCollectionViewLayoutDemo[11207:c07] FindItemAttributes FALSE
2013-07-19 16:33:12.860 WaterfallCollectionViewLayoutDemo[11207:c07] FindItemAttributes FALSE
2013-07-19 16:33:12.861 WaterfallCollectionViewLayoutDemo[11207:c07] FindItemAttributes FALSE
2013-07-19 16:33:12.861 WaterfallCollectionViewLayoutDemo[11207:c07] FindItemAttributes FALSE
2013-07-19 16:33:12.862 WaterfallCollectionViewLayoutDemo[11207:c07] FindItemAttributes FALSE
2013-07-19 16:33:12.862 WaterfallCollectionViewLayoutDemo[11207:c07] FindItemAttributes FALSE
2013-07-19 16:33:12.862 WaterfallCollectionViewLayoutDemo[11207:c07] FindItemAttributes FALSE
2013-07-19 16:33:12.863 WaterfallCollectionViewLayoutDemo[11207:c07] FindItemAttributes FALSE
2013-07-19 16:33:12.863 WaterfallCollectionViewLayoutDemo[11207:c07] {X=9,Y=9,Width=140,Height=84}
2013-07-19 16:33:12.864 WaterfallCollectionViewLayoutDemo[11207:c07] {X=171,Y=9,Width=140,Height=200}
2013-07-19 16:33:12.864 WaterfallCollectionViewLayoutDemo[11207:c07] {X=9,Y=115,Width=140,Height=100}
2013-07-19 16:33:12.864 WaterfallCollectionViewLayoutDemo[11207:c07] {X=171,Y=231,Width=140,Height=84}
2013-07-19 16:33:12.865 WaterfallCollectionViewLayoutDemo[11207:c07] {X=9,Y=237,Width=140,Height=200}
2013-07-19 16:33:12.865 WaterfallCollectionViewLayoutDemo[11207:c07] {X=171,Y=337,Width=140,Height=100}
2013-07-19 16:33:12.866 WaterfallCollectionViewLayoutDemo[11207:c07] {X=9,Y=459,Width=140,Height=84}
2013-07-19 16:33:12.866 WaterfallCollectionViewLayoutDemo[11207:c07] {X=171,Y=459,Width=140,Height=84}
2013-07-19 16:33:12.867 WaterfallCollectionViewLayoutDemo[11207:c07] Largest Index: 0
Stacktrace:

  at (wrapper managed-to-native) MonoTouch.UIKit.UIApplication.UIApplicationMain (int,string[],intptr,intptr) <0xffffffff>
  at MonoTouch.UIKit.UIApplication.Main (string[],string,string) <0x000c7>
  at WaterfallCollectionViewLayoutDemo.Application.Main (string[]) <0x00017>
  at (wrapper runtime-invoke) <Module>.runtime_invoke_void_object (object,intptr,intptr,intptr) <0xffffffff>

Native stacktrace:

	0   WaterfallCollectionViewLayoutDemo   0x0007c7dc mono_handle_native_sigsegv + 284
	1   WaterfallCollectionViewLayoutDemo   0x00005268 mono_sigsegv_signal_handler + 248
	2   libsystem_c.dylib                   0x956f98cb _sigtramp + 43
	3   ???                                 0xffffffff 0x0 + 4294967295
	4   UIKit                               0x016f28f4 -[UICollectionView _updateVisibleCellsNow:] + 4270
	5   UIKit                               0x016f4b91 -[UICollectionView layoutSubviews] + 232
	6   UIKit                               0x0123e2dd -[UIView(CALayerDelegate) layoutSublayersOfLayer:] + 279
	7   libobjc.A.dylib                     0x040d86b0 -[NSObject performSelector:withObject:] + 70
	8   QuartzCore                          0x0261cfc0 -[CALayer layoutSublayers] + 240
	9   QuartzCore                          0x0261133c _ZN2CA5Layer16layout_if_neededEPNS_11TransactionE + 468
	10  QuartzCore                          0x02611150 _ZN2CA5Layer28layout_and_display_if_neededEPNS_11TransactionE + 26
	11  QuartzCore                          0x0258f0bc _ZN2CA7Context18commit_transactionEPNS_11TransactionE + 324
	12  QuartzCore                          0x02590227 _ZN2CA11Transaction6commitEv + 395
	13  QuartzCore                          0x025908e2 _ZN2CA11Transaction17observer_callbackEP19__CFRunLoopObservermPv + 96
	14  CoreFoundation                      0x03e57afe __CFRUNLOOP_IS_CALLING_OUT_TO_AN_OBSERVER_CALLBACK_FUNCTION__ + 30
	15  CoreFoundation                      0x03e57a3d __CFRunLoopDoObservers + 381
	16  CoreFoundation                      0x03e357c2 __CFRunLoopRun + 1106
	17  CoreFoundation                      0x03e34f44 CFRunLoopRunSpecific + 276
	18  CoreFoundation                      0x03e34e1b CFRunLoopRunInMode + 123
	19  GraphicsServices                    0x04a3a7e3 GSEventRunModal + 88
	20  GraphicsServices                    0x04a3a668 GSEventRun + 104
	21  UIKit                               0x011edffc UIApplicationMain + 1211
	22  ???                                 0x0b7f1c1c 0x0 + 192879644
	23  ???                                 0x0b7f0b88 0x0 + 192875400
	24  ???                                 0x0b7f09e0 0x0 + 192874976
	25  ???                                 0x0b7f0a6f 0x0 + 192875119
	26  WaterfallCollectionViewLayoutDemo   0x00009492 mono_jit_runtime_invoke + 722
	27  WaterfallCollectionViewLayoutDemo   0x0014f78e mono_runtime_invoke + 126
	28  WaterfallCollectionViewLayoutDemo   0x001538b4 mono_runtime_exec_main + 420
	29  WaterfallCollectionViewLayoutDemo   0x001583e5 mono_runtime_run_main + 725
	30  WaterfallCollectionViewLayoutDemo   0x000659e5 mono_jit_exec + 149
	31  WaterfallCollectionViewLayoutDemo   0x001db6c4 main + 1604
	32  WaterfallCollectionViewLayoutDemo   0x00002ea5 start + 53

=================================================================
Got a SIGSEGV while executing native code. This usually indicates
a fatal error in the mono runtime or one of the native libraries 
used by your application.
=================================================================

